.         use $data, clear
. 
.         * Generate non urbanised area variables
.         gen l_ln_km_IHNU_83  = ln(ln_km_IH_83 - ln_km_IHU_83)
(50 missing values generated)
.         gen l_rd_km_IHNU_83  = ln(rd_km_IH_83 - rd_km_IHU_83)
(50 missing values generated)
.         gen l_vmt_IHNU_83 = ln(vmt_IH_83 - vmt_IHU_83)
(50 missing values generated)
.         gen l_ln_km_IHNU_93  = ln(ln_km_IH_93 - ln_km_IHU_93)
(39 missing values generated)
.         gen l_rd_km_IHNU_93  = ln(rd_km_IH_93 - rd_km_IHU_93)
(39 missing values generated)
.         gen l_vmt_IHNU_93 = ln(vmt_IH_93 - vmt_IHU_93)
(39 missing values generated)
.         gen l_ln_km_IHNU_03  = ln(ln_km_IH_03 - ln_km_IHU_03)
(38 missing values generated)
.         gen l_rd_km_IHNU_03  = ln(rd_km_IH_03 - rd_km_IHU_03)
(38 missing values generated)
.         gen l_vmt_IHNU_03 = ln(vmt_IH_03 - vmt_IHU_03)
(38 missing values generated)
. 
.         * Selection of observations
.         drop if l_ln_km_IH_83==0
(47 observations deleted)
.         gen zero = min(l_ln_km_IH_83,l_ln_km_IH_93,l_ln_km_IHU_83,l_ln_km_IHU_93,l_ln_km_MRU_83,l_ln_km_MRU_93,l_ln_km_IHNU_83,l_ln_km_IHNU_93)
. 
. 
.         rename sprawl_1992 sprawl93
.         rename sprawl_1976 sprawl83
.         gen sprawl03 = sprawl93
. 
.         *rescale so display is better
.         replace elevat_range_msa = elevat_range_msa/1000 
variable elevat_range_msa was int now float
(228 real changes made)
.         replace ruggedness_msa = ruggedness_msa/1000
(228 real changes made)
.         replace heating_dd = heating_dd/100
(228 real changes made)
.         replace cooling_dd = cooling_dd/100
(228 real changes made)
. 
.         *Generate first differences
.         gen  Dl_ln_IH_1993 = l_ln_km_IH_93 - l_ln_km_IH_83
.         gen  Dl_ln_IH_2003 = l_ln_km_IH_03 - l_ln_km_IH_93
.         gen  Dl_vmt_IH_1993 = l_vmt_IH_93 - l_vmt_IH_83 
.         gen  Dl_vmt_IH_2003 = l_vmt_IH_03 - l_vmt_IH_93 
. 
.         gen  Dl_ln_IHU_1993 = l_ln_km_IHU_93 - l_ln_km_IHU_83
.         gen  Dl_ln_IHU_2003 = l_ln_km_IHU_03 - l_ln_km_IHU_93
.         gen  Dl_vmt_IHU_1993 = l_vmt_IHU_93 - l_vmt_IHU_83 
.         gen  Dl_vmt_IHU_2003 = l_vmt_IHU_03 - l_vmt_IHU_93 
. 
.         gen  Dl_ln_IHNU_1993 = l_ln_km_IHNU_93 - l_ln_km_IHNU_83
(3 missing values generated)
.         gen  Dl_ln_IHNU_2003 = l_ln_km_IHNU_03 - l_ln_km_IHNU_93
(1 missing value generated)
.         gen  Dl_vmt_IHNU_1993 = l_vmt_IHNU_93 - l_vmt_IHNU_83 
(3 missing values generated)
.         gen  Dl_vmt_IHNU_2003 = l_vmt_IHNU_03 - l_vmt_IHNU_93 
(1 missing value generated)
. 
.         gen  Dl_ln_MRU_1993 = l_ln_km_MRU_93 - l_ln_km_MRU_83
.         gen  Dl_ln_MRU_2003 = l_ln_km_MRU_03 - l_ln_km_MRU_93
.         gen  Dl_vmt_MRU_1993 = l_vmt_MRU_93 - l_vmt_MRU_83 
.         gen  Dl_vmt_MRU_2003 = l_vmt_MRU_03 - l_vmt_MRU_93 
. 
.         gen Dl_pop_1993 = l_pop90 -l_pop80
.         gen Dl_pop_2003 = l_pop00 -l_pop90
. 
.       gen l_pop_1983 = l_pop80 
.       gen l_pop_1993 = l_pop90 
.       gen l_pop_2003 = l_pop00 
. 
.         *Threshold for road growth
. *       local m=0.005
.         local m=-1
. 
.         local geography  "elevat_range_msa ruggedness_msa heating_dd cooling_dd sprawl"
.         local demographics  "S_somecollege l_mean_income seg1980_ghetto S_poor S_manuf"  
.         local census_div "div1 div2 div3 div4 div5 div6 div7 div8 div9"
. 
.         *instructions for outreg
.         local instruct "tex tdec(2) rdec(2) auto(2) symbol($^a$,$^b$,$^c$) se " 
. 
.         local cond "if Dl_ln>`m'"
. 
.         local year "2003"
.         local yrMM "93"
.         local yrXX "90"
.         local yrbus "94"
.         local population "l_pop80 l_pop70 l_pop60 l_pop50 l_pop40 l_pop30 l_pop20"  
. 
.         local lag "1993"
. 
.         gen l_pop       = l_pop`yrXX' 
.         gen sprawl      = sprawl`yrMM' 
.         gen l_mean_income = l_mean_income_`yrXX' 
.         gen S_somecollege = S_somecollege_`yrXX' 
.         gen S_poor      = S_poor_`yrXX' 
.         gen S_manuf     = S_manuf`yrMM' 
.         gen l_vmt = l_vmt_IH_`yrMM' 
.         gen l_ln  = l_ln_km_IH_`yrMM' 
.         gen l_max_bus   = l_max_`yrbus'bus
.         gen l_transit   = l_transit`yrbus'
.         gen Dl_pop      = Dl_pop_`year' 
.         gen Dl_ln       = Dl_ln_IH_`year' 
.         gen Dl_vmt      = Dl_vmt_IH_`year' 
.         gen Dl_ln2      = Dl_ln_IH_`lag' 
. 
. 
.         reg   Dl_vmt Dl_ln2 `cond',robust  

Linear regression                               Number of obs     =        228
                                                F(1, 226)         =       0.32
                                                Prob > F          =     0.5748
                                                R-squared         =     0.0015
                                                Root MSE          =     .20136

------------------------------------------------------------------------------
             |               Robust
      Dl_vmt | Coefficient  std. err.      t    P>|t|     [95% conf. interval]
-------------+----------------------------------------------------------------
      Dl_ln2 |   .0140194   .0249551     0.56   0.575     -.035155    .0631938
       _cons |   .3264689   .0137129    23.81   0.000     .2994473    .3534904
------------------------------------------------------------------------------
.         outreg2 Dl_ln2 using revision/tableA3.xls,ctitle(`R'`year'-`yrMM')  `instruct' replace
revision/tableA3.tex
revision/tableA3.xls
dir : seeout
. 
.         reg   Dl_vmt Dl_ln2 Dl_pop `cond', robust  

Linear regression                               Number of obs     =        228
                                                F(2, 225)         =       0.78
                                                Prob > F          =     0.4575
                                                R-squared         =     0.0089
                                                Root MSE          =     .20106

------------------------------------------------------------------------------
             |               Robust
      Dl_vmt | Coefficient  std. err.      t    P>|t|     [95% conf. interval]
-------------+----------------------------------------------------------------
      Dl_ln2 |   .0142269   .0247935     0.57   0.567    -.0346302     .063084
      Dl_pop |   .1785109   .1692623     1.05   0.293    -.1550313     .512053
       _cons |   .3044411   .0227216    13.40   0.000     .2596667    .3492155
------------------------------------------------------------------------------
.         outreg2 Dl_ln2 Dl_pop using revision/tableA3.xls,ctitle(`R'`year'-`yrMM')  `instruct' append 
revision/tableA3.tex
revision/tableA3.xls
dir : seeout
. 
.         reg   Dl_vmt Dl_ln2 Dl_pop l_vmt `cond', robust  

Linear regression                               Number of obs     =        228
                                                F(3, 224)         =       3.87
                                                Prob > F          =     0.0100
                                                R-squared         =     0.0398
                                                Root MSE          =     .19834

------------------------------------------------------------------------------
             |               Robust
      Dl_vmt | Coefficient  std. err.      t    P>|t|     [95% conf. interval]
-------------+----------------------------------------------------------------
      Dl_ln2 |   .0234391   .0227341     1.03   0.304    -.0213609    .0682391
      Dl_pop |   .2313904   .1726987     1.34   0.182    -.1089317    .5717124
       l_vmt |  -.0277855   .0085475    -3.25   0.001    -.0446293   -.0109416
       _cons |   .7225158   .1333116     5.42   0.000     .4598106    .9852211
------------------------------------------------------------------------------
.         outreg2 Dl_ln2 Dl_pop l_vmt using revision/tableA3.xls,ctitle(`R'`year'-`yrMM')  `instruct' append 
revision/tableA3.tex
revision/tableA3.xls
dir : seeout
. 
.         reg    Dl_vmt Dl_ln2 Dl_pop  `geography' `census_div' `cond', robust  
note: div1 omitted because of collinearity.

Linear regression                               Number of obs     =        228
                                                F(15, 212)        =       2.47
                                                Prob > F          =     0.0023
                                                R-squared         =     0.1293
                                                Root MSE          =     .19414

----------------------------------------------------------------------------------
                 |               Robust
          Dl_vmt | Coefficient  std. err.      t    P>|t|     [95% conf. interval]
-----------------+----------------------------------------------------------------
          Dl_ln2 |   .0238935   .0274815     0.87   0.386    -.0302786    .0780656
          Dl_pop |   .5571175   .1487079     3.75   0.000     .2639821     .850253
elevat_range_msa |  -.0480515    .036725    -1.31   0.192    -.1204445    .0243415
  ruggedness_msa |   .8821855   1.959577     0.45   0.653    -2.980566    4.744938
      heating_dd |    .002351   .0020571     1.14   0.254    -.0017039    .0064059
      cooling_dd |  -.0027658   .0061997    -0.45   0.656    -.0149868    .0094553
          sprawl |  -.0016073   .0017371    -0.93   0.356    -.0050316     .001817
            div1 |          0  (omitted)
            div2 |   .1883869   .0799914     2.36   0.019     .0307065    .3460673
            div3 |   .0420114   .0573121     0.73   0.464    -.0709632     .154986
            div4 |   .0752297   .0661956     1.14   0.257    -.0552562    .2057156
            div5 |    .225584   .0758014     2.98   0.003     .0761629    .3750051
            div6 |   .1875828   .0660824     2.84   0.005     .0573201    .3178455
            div7 |   .2208969   .0804513     2.75   0.007       .06231    .3794838
            div8 |   .0262231    .078812     0.33   0.740    -.1291325    .1815787
            div9 |   .1050569   .0804758     1.31   0.193    -.0535784    .2636921
           _cons |   .1487514   .1924092     0.77   0.440    -.2305289    .5280316
----------------------------------------------------------------------------------
.         outreg2 Dl_ln2 Dl_pop  `geography' using revision/tableA3.xls,ctitle(`R'`year'-`yrMM')  `instruct' append 
revision/tableA3.tex
revision/tableA3.xls
dir : seeout
. 
.         reg    Dl_vmt Dl_ln2 Dl_pop l_vmt `geography' `census_div' `cond', robust  
note: div1 omitted because of collinearity.

Linear regression                               Number of obs     =        228
                                                F(16, 211)        =       2.93
                                                Prob > F          =     0.0002
                                                R-squared         =     0.1663
                                                Root MSE          =     .19042

----------------------------------------------------------------------------------
                 |               Robust
          Dl_vmt | Coefficient  std. err.      t    P>|t|     [95% conf. interval]
-----------------+----------------------------------------------------------------
          Dl_ln2 |   .0282399   .0259308     1.09   0.277    -.0228768    .0793566
          Dl_pop |   .6380656   .1493127     4.27   0.000       .34373    .9324013
           l_vmt |  -.0362454   .0103213    -3.51   0.001    -.0565916   -.0158993
elevat_range_msa |  -.0172136   .0355603    -0.48   0.629    -.0873126    .0528854
  ruggedness_msa |   .2329911   1.882454     0.12   0.902    -3.477835    3.943818
      heating_dd |   .0002211   .0021528     0.10   0.918    -.0040227    .0044649
      cooling_dd |  -.0070602   .0062809    -1.12   0.262    -.0194416    .0053212
          sprawl |  -.0035231   .0019371    -1.82   0.070    -.0073416    .0002953
            div1 |          0  (omitted)
            div2 |   .1699856   .0716717     2.37   0.019     .0287013    .3112699
            div3 |   .0297188   .0523012     0.57   0.570     -.073381    .1328186
            div4 |   .0383495   .0615299     0.62   0.534    -.0829426    .1596417
            div5 |   .1912273   .0710483     2.69   0.008     .0511717    .3312828
            div6 |   .1510365   .0616815     2.45   0.015     .0294456    .2726274
            div7 |    .165965   .0752035     2.21   0.028     .0177186    .3142115
            div8 |  -.0732022   .0805279    -0.91   0.364    -.2319445    .0855401
            div9 |  -.0035038   .0788479    -0.04   0.965    -.1589344    .1519269
           _cons |   .9664325   .3243763     2.98   0.003      .326999    1.605866
----------------------------------------------------------------------------------
.         outreg2 Dl_ln2 Dl_pop l_vmt `geography' using revision/tableA3.xls,ctitle(`R'`year'-`yrMM')  `instruct' append 
revision/tableA3.tex
revision/tableA3.xls
dir : seeout
. 
.         reg   Dl_vmt Dl_ln2 Dl_pop l_vmt `geography' `demographics' `population' `census_div' `cond', robust  
note: div1 omitted because of collinearity.

Linear regression                               Number of obs     =        228
                                                F(28, 199)        =       3.73
                                                Prob > F          =     0.0000
                                                R-squared         =     0.2181
                                                Root MSE          =     .18989

----------------------------------------------------------------------------------
                 |               Robust
          Dl_vmt | Coefficient  std. err.      t    P>|t|     [95% conf. interval]
-----------------+----------------------------------------------------------------
          Dl_ln2 |   .0338504   .0274898     1.23   0.220    -.0203582    .0880591
          Dl_pop |   .4276554   .2310648     1.85   0.066    -.0279944    .8833052
           l_vmt |  -.1088603   .0328264    -3.32   0.001    -.1735924   -.0441281
elevat_range_msa |  -.0368333   .0399566    -0.92   0.358    -.1156259    .0419593
  ruggedness_msa |   .1377916   2.014897     0.07   0.946    -3.835498    4.111081
      heating_dd |    .001019   .0025405     0.40   0.689    -.0039909    .0060288
      cooling_dd |  -.0063814   .0080523    -0.79   0.429    -.0222601    .0094973
          sprawl |  -.0016298   .0020481    -0.80   0.427    -.0056685    .0024089
   S_somecollege |  -.0189994   .2608112    -0.07   0.942    -.5333078     .495309
   l_mean_income |  -.2253459   .1817944    -1.24   0.217    -.5838365    .1331448
  seg1980_ghetto |   .0345197   .0308492     1.12   0.264    -.0263135    .0953529
          S_poor |  -.0617574   .4573927    -0.14   0.893    -.9637159    .8402011
         S_manuf |    .002389   .1844464     0.01   0.990    -.3613312    .3661092
         l_pop80 |   .3608388   .2354851     1.53   0.127    -.1035276    .8252053
         l_pop70 |  -.0755455   .3119433    -0.24   0.809    -.6906842    .5395932
         l_pop60 |  -.3035571   .2908585    -1.04   0.298    -.8771175    .2700033
         l_pop50 |   .1598618   .2288284     0.70   0.486    -.2913778    .6111014
         l_pop40 |  -.0427578   .1677293    -0.25   0.799    -.3735128    .2879971
         l_pop30 |   .0071757   .1573709     0.05   0.964    -.3031529    .3175043
         l_pop20 |    .003836   .0811346     0.05   0.962     -.156158      .16383
            div1 |          0  (omitted)
            div2 |   .1481252    .076179     1.94   0.053    -.0020965     .298347
            div3 |   .0596661   .0603909     0.99   0.324    -.0594221    .1787543
            div4 |   .1061739   .0631373     1.68   0.094    -.0183301     .230678
            div5 |   .2103736   .0650298     3.24   0.001     .0821377    .3386095
            div6 |   .1699661   .0656377     2.59   0.010     .0405314    .2994009
            div7 |   .2071826   .0696635     2.97   0.003     .0698092     .344556
            div8 |   .0425241   .0954727     0.45   0.657    -.1457439    .2307922
            div9 |   .0750477   .1056809     0.71   0.478    -.1333504    .2834459
           _cons |   2.751439    1.79011     1.54   0.126     -.778579    6.281457
----------------------------------------------------------------------------------
.         outreg2  Dl_ln2 Dl_pop l_vmt `geography' using revision/tableA3.xls,ctitle(`R'`year'-`yrMM')  `instruct' append 
revision/tableA3.tex
revision/tableA3.xls
dir : seeout
. 
.         reg   Dl_vmt Dl_ln Dl_ln2 `cond',robust  

Linear regression                               Number of obs     =        228
                                                F(2, 225)         =      95.59
                                                Prob > F          =     0.0000
                                                R-squared         =     0.6613
                                                Root MSE          =     .11754

------------------------------------------------------------------------------
             |               Robust
      Dl_vmt | Coefficient  std. err.      t    P>|t|     [95% conf. interval]
-------------+----------------------------------------------------------------
       Dl_ln |   .8508186   .0625859    13.59   0.000     .7274892     .974148
      Dl_ln2 |   .0040083   .0149209     0.27   0.788    -.0253942    .0334108
       _cons |   .2875258   .0083381    34.48   0.000      .271095    .3039566
------------------------------------------------------------------------------
.         outreg2 Dl_ln Dl_ln2 using revision/tableA3.xls,ctitle(`R'`year'-`yrMM')  `instruct' append
revision/tableA3.tex
revision/tableA3.xls
dir : seeout
. 
.         reg   Dl_vmt Dl_ln Dl_ln2 Dl_pop `cond', robust  

Linear regression                               Number of obs     =        228
                                                F(3, 224)         =      69.65
                                                Prob > F          =     0.0000
                                                R-squared         =     0.6789
                                                Root MSE          =     .11469

------------------------------------------------------------------------------
             |               Robust
      Dl_vmt | Coefficient  std. err.      t    P>|t|     [95% conf. interval]
-------------+----------------------------------------------------------------
       Dl_ln |   .8587691   .0625684    13.73   0.000     .7354713     .982067
      Dl_ln2 |   .0042348    .013206     0.32   0.749    -.0217892    .0302588
      Dl_pop |   .2753418   .0862554     3.19   0.002      .105366    .4453175
       _cons |   .2531855   .0124851    20.28   0.000     .2285822    .2777888
------------------------------------------------------------------------------
.         outreg2 Dl_ln Dl_ln2 Dl_pop using revision/tableA3.xls,ctitle(`R'`year'-`yrMM')  `instruct' append 
revision/tableA3.tex
revision/tableA3.xls
dir : seeout
. 
.         reg   Dl_vmt Dl_ln Dl_ln2 Dl_pop l_vmt `cond', robust  

Linear regression                               Number of obs     =        228
                                                F(4, 223)         =      73.71
                                                Prob > F          =     0.0000
                                                R-squared         =     0.7231
                                                Root MSE          =     .10676

------------------------------------------------------------------------------
             |               Robust
      Dl_vmt | Coefficient  std. err.      t    P>|t|     [95% conf. interval]
-------------+----------------------------------------------------------------
       Dl_ln |   .8679809   .0588581    14.75   0.000     .7519917      .98397
      Dl_ln2 |    .015151   .0124367     1.22   0.224    -.0093575    .0396594
      Dl_pop |   .3396561   .0854459     3.98   0.000     .1712714    .5080407
       l_vmt |  -.0332481   .0051719    -6.43   0.000    -.0434401    -.023056
       _cons |   .7529042   .0812167     9.27   0.000     .5928537    .9129546
------------------------------------------------------------------------------
.         outreg2 Dl_ln Dl_ln2 Dl_pop l_vmt using revision/tableA3.xls,ctitle(`R'`year'-`yrMM')  `instruct' append 
revision/tableA3.tex
revision/tableA3.xls
dir : seeout
. 
.         reg    Dl_vmt Dl_ln Dl_ln2 Dl_pop  `geography' `census_div' `cond', robust  
note: div1 omitted because of collinearity.

Linear regression                               Number of obs     =        228
                                                F(16, 211)        =      18.58
                                                Prob > F          =     0.0000
                                                R-squared         =     0.7107
                                                Root MSE          =     .11217

----------------------------------------------------------------------------------
                 |               Robust
          Dl_vmt | Coefficient  std. err.      t    P>|t|     [95% conf. interval]
-----------------+----------------------------------------------------------------
           Dl_ln |   .8487545    .066034    12.85   0.000     .7185836    .9789255
          Dl_ln2 |   .0136064   .0146491     0.93   0.354     -.015271    .0424837
          Dl_pop |   .3130234    .112056     2.79   0.006     .0921307    .5339161
elevat_range_msa |   -.016023   .0221676    -0.72   0.471    -.0597213    .0276753
  ruggedness_msa |   .4158141   1.144539     0.36   0.717    -1.840383    2.672011
      heating_dd |   .0020565   .0010938     1.88   0.061    -.0000996    .0042127
      cooling_dd |   .0039991   .0032153     1.24   0.215    -.0023391    .0103374
          sprawl |   .0008157   .0008717     0.94   0.350    -.0009027    .0025341
            div1 |          0  (omitted)
            div2 |   .0869228    .041089     2.12   0.036     .0059254    .1679203
            div3 |  -.0139418   .0357083    -0.39   0.697    -.0843325    .0564488
            div4 |   .0493128   .0381702     1.29   0.198     -.025931    .1245565
            div5 |   .0522184   .0514113     1.02   0.311    -.0491273     .153564
            div6 |   .0678118   .0462228     1.47   0.144    -.0233059    .1589295
            div7 |   .0725268   .0605213     1.20   0.232    -.0467771    .1918308
            div8 |   .0507695   .0459195     1.11   0.270    -.0397503    .1412892
            div9 |   .0380157   .0644654     0.59   0.556     -.089063    .1650944
           _cons |   .0238386   .1125353     0.21   0.832     -.197999    .2456761
----------------------------------------------------------------------------------
.         outreg2 Dl_ln Dl_ln2 Dl_pop  `geography' using revision/tableA3.xls,ctitle(`R'`year'-`yrMM')  `instruct' append 
revision/tableA3.tex
revision/tableA3.xls
dir : seeout
. 
.         reg    Dl_vmt Dl_ln Dl_ln2 Dl_pop l_vmt `geography' `census_div' `cond', robust  
note: div1 omitted because of collinearity.

Linear regression                               Number of obs     =        228
                                                F(17, 210)        =      21.45
                                                Prob > F          =     0.0000
                                                R-squared         =     0.7462
                                                Root MSE          =     .10531

----------------------------------------------------------------------------------
                 |               Robust
          Dl_vmt | Coefficient  std. err.      t    P>|t|     [95% conf. interval]
-----------------+----------------------------------------------------------------
           Dl_ln |   .8477109   .0623284    13.60   0.000     .7248415    .9705803
          Dl_ln2 |   .0178798   .0144969     1.23   0.219    -.0106984     .046458
          Dl_pop |   .3926772   .1062399     3.70   0.000     .1832439    .6021105
           l_vmt |  -.0355315   .0066926    -5.31   0.000    -.0487248   -.0223382
elevat_range_msa |   .0141681   .0206938     0.68   0.494    -.0266261    .0549622
  ruggedness_msa |  -.2200198   1.061231    -0.21   0.836    -2.312051    1.872012
      heating_dd |  -.0000311   .0011442    -0.03   0.978    -.0022866    .0022245
      cooling_dd |   -.000219   .0031985    -0.07   0.945    -.0065243    .0060863
          sprawl |  -.0010654   .0009475    -1.12   0.262    -.0029332    .0008024
            div1 |          0  (omitted)
            div2 |   .0690087   .0337335     2.05   0.042     .0025091    .1355084
            div3 |  -.0259235   .0312494    -0.83   0.408    -.0875262    .0356793
            div4 |   .0131909   .0344086     0.38   0.702    -.0546395    .0810214
            div5 |   .0187515   .0457165     0.41   0.682    -.0713707    .1088737
            div6 |   .0321326    .041657     0.77   0.441    -.0499869    .1142522
            div7 |   .0188594   .0520621     0.36   0.718     -.083772    .1214908
            div8 |  -.0467276     .04384    -1.07   0.288    -.1331504    .0396952
            div9 |  -.0683242   .0601599    -1.14   0.257    -.1869189    .0502705
           _cons |   .8255676   .1980454     4.17   0.000     .4351559    1.215979
----------------------------------------------------------------------------------
.         outreg2 Dl_ln Dl_ln2 Dl_pop l_vmt `geography' using revision/tableA3.xls,ctitle(`R'`year'-`yrMM')  `instruct' append 
revision/tableA3.tex
revision/tableA3.xls
dir : seeout
. 
.         reg   Dl_vmt Dl_ln Dl_ln2 Dl_pop l_vmt `geography' `demographics' `population' `census_div' `cond', robust  
note: div1 omitted because of collinearity.

Linear regression                               Number of obs     =        228
                                                F(29, 198)        =      18.14
                                                Prob > F          =     0.0000
                                                R-squared         =     0.7556
                                                Root MSE          =     .10644

----------------------------------------------------------------------------------
                 |               Robust
          Dl_vmt | Coefficient  std. err.      t    P>|t|     [95% conf. interval]
-----------------+----------------------------------------------------------------
           Dl_ln |   .8490318   .0641487    13.24   0.000     .7225294    .9755342
          Dl_ln2 |   .0129859   .0146604     0.89   0.377    -.0159248    .0418965
          Dl_pop |   .3879137    .138989     2.79   0.006     .1138249    .6620025
           l_vmt |  -.0578489   .0204842    -2.82   0.005     -.098244   -.0174538
elevat_range_msa |   .0056856   .0224723     0.25   0.801    -.0386301    .0500013
  ruggedness_msa |   .0780548    1.13563     0.07   0.945    -2.161428    2.317538
      heating_dd |  -.0000486    .001181    -0.04   0.967    -.0023776    .0022804
      cooling_dd |  -.0009913   .0035599    -0.28   0.781    -.0080114    .0060289
          sprawl |  -.0001703   .0010593    -0.16   0.872    -.0022592    .0019187
   S_somecollege |   .0269311   .1674131     0.16   0.872    -.3032105    .3570727
   l_mean_income |   .0587525   .1229208     0.48   0.633    -.1836494    .3011544
  seg1980_ghetto |   -.003308   .0194087    -0.17   0.865    -.0415822    .0349662
          S_poor |   .1091538   .2891088     0.38   0.706    -.4609739    .6792814
         S_manuf |  -.0307913   .1135624    -0.27   0.787    -.2547383    .1931557
         l_pop80 |   .0654356   .1318551     0.50   0.620     -.194585    .3254562
         l_pop70 |  -.0447917   .1966347    -0.23   0.820    -.4325588    .3429754
         l_pop60 |   .0607303   .1851336     0.33   0.743    -.3043565     .425817
         l_pop50 |  -.0216781   .1118586    -0.19   0.847    -.2422653    .1989091
         l_pop40 |    .001179   .1143914     0.01   0.992    -.2244028    .2267608
         l_pop30 |  -.0242935   .1066458    -0.23   0.820    -.2346009     .186014
         l_pop20 |  -.0058661   .0550095    -0.11   0.915    -.1143458    .1026137
            div1 |          0  (omitted)
            div2 |   .0599561   .0378179     1.59   0.114    -.0146215    .1345337
            div3 |  -.0256778   .0371989    -0.69   0.491    -.0990347     .047679
            div4 |   .0199115   .0399116     0.50   0.618    -.0587949    .0986179
            div5 |   .0091556   .0465361     0.20   0.844    -.0826145    .1009257
            div6 |   .0366078   .0460318     0.80   0.427    -.0541677    .1273833
            div7 |   .0129825   .0556673     0.23   0.816    -.0967943    .1227593
            div8 |  -.0548602   .0566382    -0.97   0.334    -.1665518    .0568314
            div9 |  -.0849844   .0704065    -1.21   0.229    -.2238273    .0538584
           _cons |    .118587   1.225269     0.10   0.923    -2.297664    2.534838
----------------------------------------------------------------------------------
.         outreg2  Dl_ln Dl_ln2 Dl_pop l_vmt `geography' using revision/tableA3.xls,ctitle(`R'`year'-`yrMM')  `instruct' append 
revision/tableA3.tex
revision/tableA3.xls
dir : seeout
. 
.         log close
      name:  <unnamed>
       log:  C:\Users\USUARIO\OneDrive - Universidad de los Andes\Uniandes\Urban Economics\Proyecto\Revised-reproduction-package-for-Duranton-G.-Turn
> er-M.-A.-2011-\Deliverable_1\Data_original\revision/tableA3.log
  log type:  text
 closed on:  29 May 2022, 23:24:45
-----------------------------------------------------------------------------------------------------------------------------------------------------
