.         use $data,clear
. 
.         * Generate non urbanised area variables
.         gen l_ln_km_IHNU_83  = ln(ln_km_IH_83 - ln_km_IHU_83)
(50 missing values generated)
.         gen l_rd_km_IHNU_83  = ln(rd_km_IH_83 - rd_km_IHU_83)
(50 missing values generated)
.         gen l_vmt_IHNU_83 = ln(vmt_IH_83 - vmt_IHU_83)
(50 missing values generated)
.         gen l_ln_km_IHNU_93  = ln(ln_km_IH_93 - ln_km_IHU_93)
(39 missing values generated)
.         gen l_rd_km_IHNU_93  = ln(rd_km_IH_93 - rd_km_IHU_93)
(39 missing values generated)
.         gen l_vmt_IHNU_93 = ln(vmt_IH_93 - vmt_IHU_93)
(39 missing values generated)
.         gen l_ln_km_IHNU_03  = ln(ln_km_IH_03 - ln_km_IHU_03)
(38 missing values generated)
.         gen l_rd_km_IHNU_03  = ln(rd_km_IH_03 - rd_km_IHU_03)
(38 missing values generated)
.         gen l_vmt_IHNU_03 = ln(vmt_IH_03 - vmt_IHU_03)
(38 missing values generated)
.         gen l_t_vmt_IHNU_83 = ln(t_vmt_IH_83 - t_vmt_IHU_83)
(71 missing values generated)
.         gen l_t_vmt_IHNU_93 = ln(t_vmt_IH_93 - t_vmt_IHU_93)
(56 missing values generated)
.         gen l_t_vmt_IHNU_03 = ln(t_vmt_IH_03 - t_vmt_IHU_03)
(57 missing values generated)
. 
.         * Selection of observations
.         drop if l_ln_km_IH_83==0
(47 observations deleted)
.         gen zero = min(l_ln_km_IH_83,l_ln_km_IH_93,l_ln_km_IHU_83,l_ln_km_IHU_93,l_ln_km_MRU_83,l_ln_km_MRU_93,l_ln_km_IHNU_83,l_ln_km_IHNU_93)
. 
.         rename sprawl_1992 sprawl93
.         rename sprawl_1976 sprawl83
.         gen sprawl03 = sprawl93
. 
.         *rescale so display is better
.         replace elevat_range_msa = elevat_range_msa/1000 
variable elevat_range_msa was int now float
(228 real changes made)
.         replace ruggedness_msa = ruggedness_msa/1000
(228 real changes made)
.         replace heating_dd = heating_dd/100
(228 real changes made)
.         replace cooling_dd = cooling_dd/100
(228 real changes made)
. 
.         local instruct "tex tdec(2) rdec(2) auto(2) symbol($^a$,$^b$,$^c$) se " 
. 
.         local geography  "elevat_range_msa ruggedness_msa heating_dd cooling_dd sprawl"
.         local demographics "S_somecollege l_mean_income seg1980_ghetto S_poor S_manuf"  
.         local census_div "div1 div2 div3 div4 div5 div6 div7 div8 div9"
. 
.         local k=1
.         while `k'<=4{
  2.                 if `k'==1{
  3.                         local V "A8_a"
  4.                         local R "IH"
  5.                         local cond " "
  6.                         }
  7.                 if `k'==2{
  8.                         local V "A8_b"
  9.                         local R "IHU"
 10.                         local cond "if zero>0"
 11.                         }
 12.                 if `k'==3{
 13.                         local V "A8_c"
 14.                         local R "MRU"
 15.                         local cond "if zero>0"
 16.                         }
 17.                 if `k'==4{
 18.                         local V "A8_d"
 19.                         local R "IHNU"
 20.                         local cond "if zero>0"
 21.                         }
 22. 
.         local i=0
 23.         local j=1
 24.         while `j'<=3{
 25.                 if `j'==1{
 26.                         local year "1983"
 27.                         local yrMM "83"
 28.                         local yrXX "80"
 29.                         local yrbus "84"
 30.                         local population "l_pop70 l_pop60 l_pop50 l_pop40 l_pop30 l_pop20"  
 31.                         }
 32.                 if `j'==2{
 33.                         local year "1993"
 34.                         local yrMM "93"
 35.                         local yrXX "90"
 36.                         local yrbus "94"
 37.                         local population "l_pop80 l_pop70 l_pop60 l_pop50 l_pop40 l_pop30 l_pop20"  
 38.                         }
 39.                 if `j'==3{
 40.                         local year "2003"
 41.                         local yrMM "03"
 42.                         local yrXX "00"
 43.                         local yrbus "04"
 44.                         local population "l_pop90 l_pop80 l_pop70 l_pop60 l_pop50 l_pop40 l_pop30 l_pop20"  
 45.                         }
 46.                 capture drop l_pop l_vmt l_ln l_max_bus sprawl l_transit l_mean_income S_somecollege S_poor S_manuf
 47.                 gen l_pop       = l_pop`yrXX' 
 48.                 gen sprawl      = sprawl`yrMM' 
 49.                 gen l_mean_income = l_mean_income_`yrXX' 
 50.                 gen S_somecollege = S_somecollege_`yrXX' 
 51.                 gen S_poor      = S_poor_`yrXX' 
 52.                 gen S_manuf     = S_manuf`yrMM' 
 53.                 gen l_vmt = l_t_vmt_`R'_`yrMM' 
 54.                 gen l_ln  = l_ln_km_`R'_`yrMM' 
 55.                 gen l_max_bus   = l_max_`yrbus'bus
 56.                 gen l_transit   = l_transit`yrbus'
 57.                 
.                 local i= `i'+1
 58.                 reg   l_vmt l_ln `cond',robust  
 59.                 if `i'==1{
 60.                 outreg2 l_ln using revision/table`V'.xls,ctitle(`R'`yrMM')  `instruct' replace
 61.                 }
 62.                 if `i'>1{
 63.                 outreg2 l_ln using revision/table`V'.xls,ctitle(`R'`yrMM')  `instruct' append
 64.                 }
 65. 
.                 local i= `i'+1
 66.                 reg   l_vmt l_ln l_pop `cond', robust  
 67.                 outreg2 l_ln l_pop using revision/table`V'.xls,ctitle(`R'`yrMM')  `instruct' append 
 68. 
.                 local i= `i'+1
 69.                 reg    l_vmt l_ln l_pop  `geography' `census_div' `cond', robust  
 70.                 outreg2 l_ln l_pop  `geography' using revision/table`V'.xls,ctitle(`R'`yrMM')  `instruct' append 
 71.                 
.                 local i= `i'+1
 72.                 reg   l_vmt l_ln l_pop `geography' `demographics' `population' `census_div' `cond', robust  
 73.                 outreg2  l_ln l_pop  `geography' using revision/table`V'.xls,ctitle(`R'`yrMM')  `instruct' append 
 74. 
.               local j=`j'+1
 75.               }
 76. 
.         local k=`k'+1
 77.         }

Linear regression                               Number of obs     =        228
                                                F(1, 226)         =     106.05
                                                Prob > F          =     0.0000
                                                R-squared         =     0.4703
                                                Root MSE          =     1.6839

------------------------------------------------------------------------------
             |               Robust
       l_vmt | Coefficient  std. err.      t    P>|t|     [95% conf. interval]
-------------+----------------------------------------------------------------
        l_ln |   1.510131   .1466423    10.30   0.000      1.22117    1.799092
       _cons |   2.444424   1.028783     2.38   0.018     .4171906    4.471657
------------------------------------------------------------------------------
revision/tableA8_a.tex
revision/tableA8_a.xls
dir : seeout

Linear regression                               Number of obs     =        228
                                                F(2, 225)         =      69.74
                                                Prob > F          =     0.0000
                                                R-squared         =     0.4714
                                                Root MSE          =     1.6859

------------------------------------------------------------------------------
             |               Robust
       l_vmt | Coefficient  std. err.      t    P>|t|     [95% conf. interval]
-------------+----------------------------------------------------------------
        l_ln |    1.44101   .2093652     6.88   0.000     1.028443    1.853578
       l_pop |   .0945874   .1317249     0.72   0.473    -.1649848    .3541596
       _cons |   1.690491   1.114726     1.52   0.131    -.5061478     3.88713
------------------------------------------------------------------------------
revision/tableA8_a.tex
revision/tableA8_a.xls
dir : seeout
note: div1 omitted because of collinearity.

Linear regression                               Number of obs     =        228
                                                F(15, 212)        =      18.11
                                                Prob > F          =     0.0000
                                                R-squared         =     0.5539
                                                Root MSE          =     1.5955

----------------------------------------------------------------------------------
                 |               Robust
           l_vmt | Coefficient  std. err.      t    P>|t|     [95% conf. interval]
-----------------+----------------------------------------------------------------
            l_ln |   1.495289   .2331652     6.41   0.000      1.03567    1.954908
           l_pop |   .0112577   .1862786     0.06   0.952    -.3559379    .3784534
elevat_range_msa |   .0560139   .1854554     0.30   0.763    -.3095589    .4215866
  ruggedness_msa |  -5.958329    11.4349    -0.52   0.603    -28.49901    16.58235
      heating_dd |  -.0667861   .0214052    -3.12   0.002    -.1089803   -.0245919
      cooling_dd |  -.1783345    .067818    -2.63   0.009    -.3120184   -.0446506
          sprawl |   .0094788   .0146128     0.65   0.517    -.0193263    .0382838
            div1 |          0  (omitted)
            div2 |  -.7162348   .6183151    -1.16   0.248    -1.935068    .5025985
            div3 |     .40926   .3773029     1.08   0.279    -.3344859    1.153006
            div4 |   .6697167   .6248719     1.07   0.285    -.5620414    1.901475
            div5 |   -.582536   .5030874    -1.16   0.248     -1.57423    .4091584
            div6 |   .0079454   .5093079     0.02   0.988     -.996011    1.011902
            div7 |   1.000031   .7004748     1.43   0.155    -.3807567    2.380819
            div8 |  -.3786985    .633584    -0.60   0.551     -1.62763     .870233
            div9 |  -.8803035   .7972965    -1.10   0.271    -2.451948    .6913409
           _cons |    7.50237   2.649887     2.83   0.005     2.278868    12.72587
----------------------------------------------------------------------------------
revision/tableA8_a.tex
revision/tableA8_a.xls
dir : seeout
note: div1 omitted because of collinearity.

Linear regression                               Number of obs     =        228
                                                F(26, 201)        =      16.13
                                                Prob > F          =     0.0000
                                                R-squared         =     0.6351
                                                Root MSE          =      1.482

----------------------------------------------------------------------------------
                 |               Robust
           l_vmt | Coefficient  std. err.      t    P>|t|     [95% conf. interval]
-----------------+----------------------------------------------------------------
            l_ln |   1.375855   .2331492     5.90   0.000     .9161231    1.835587
           l_pop |  -3.653467   1.893757    -1.93   0.055    -7.387647     .080713
elevat_range_msa |   .2255739   .1911404     1.18   0.239    -.1513236    .6024715
  ruggedness_msa |    .327135   11.95324     0.03   0.978     -23.2427    23.89697
      heating_dd |  -.0470807    .015362    -3.06   0.002    -.0773722   -.0167893
      cooling_dd |  -.0617612   .0378689    -1.63   0.104    -.1364325    .0129101
          sprawl |  -.0000922   .0135276    -0.01   0.995    -.0267664     .026582
   S_somecollege |    3.49917   2.239158     1.56   0.120    -.9160843    7.914424
   l_mean_income |  -2.229184   1.834679    -1.22   0.226    -5.846871    1.388503
  seg1980_ghetto |  -.0387373   .2810134    -0.14   0.890    -.5928498    .5153752
          S_poor |  -2.514631    4.80359    -0.52   0.601    -11.98653    6.957263
         S_manuf |   1.374246   1.330972     1.03   0.303    -1.250212    3.998704
         l_pop70 |   1.332299   2.795877     0.48   0.634    -4.180713    6.845311
         l_pop60 |   1.123704   2.344936     0.48   0.632    -3.500126    5.747534
         l_pop50 |   1.251207   1.876435     0.67   0.506    -2.448815    4.951229
         l_pop40 |   3.119355   1.460111     2.14   0.034     .2402542    5.998456
         l_pop30 |  -4.016978   1.902761    -2.11   0.036    -7.768912   -.2650433
         l_pop20 |   .9768499   1.116237     0.88   0.383    -1.224187    3.177886
            div1 |          0  (omitted)
            div2 |   -.683786   .6014202    -1.14   0.257    -1.869688    .5021164
            div3 |    .653647   .3703776     1.76   0.079    -.0766771    1.383971
            div4 |    .538889   .5817302     0.93   0.355    -.6081879    1.685966
            div5 |  -.1863432   .5256455    -0.35   0.723     -1.22283    .8501437
            div6 |  -.0063697   .5392379    -0.01   0.991    -1.069659    1.056919
            div7 |   .7692518   .5696058     1.35   0.178    -.3539177    1.892421
            div8 |   .4581389   .7487945     0.61   0.541    -1.018361    1.934639
            div9 |  -.4860502    .801554    -0.61   0.545    -2.066584    1.094483
           _cons |   26.86521    18.6774     1.44   0.152    -9.963567    63.69398
----------------------------------------------------------------------------------
revision/tableA8_a.tex
revision/tableA8_a.xls
dir : seeout

Linear regression                               Number of obs     =        228
                                                F(1, 226)         =     571.75
                                                Prob > F          =     0.0000
                                                R-squared         =     0.5236
                                                Root MSE          =      1.062

------------------------------------------------------------------------------
             |               Robust
       l_vmt | Coefficient  std. err.      t    P>|t|     [95% conf. interval]
-------------+----------------------------------------------------------------
        l_ln |   1.152854   .0482138    23.91   0.000     1.057848     1.24786
       _cons |    5.43425   .3618255    15.02   0.000     4.721267    6.147233
------------------------------------------------------------------------------
revision/tableA8_a.tex
revision/tableA8_a.xls
dir : seeout

Linear regression                               Number of obs     =        228
                                                F(2, 225)         =     315.18
                                                Prob > F          =     0.0000
                                                R-squared         =     0.5406
                                                Root MSE          =     1.0452

------------------------------------------------------------------------------
             |               Robust
       l_vmt | Coefficient  std. err.      t    P>|t|     [95% conf. interval]
-------------+----------------------------------------------------------------
        l_ln |   .8446732   .0824712    10.24   0.000     .6821584    1.007188
       l_pop |    .318627   .0624299     5.10   0.000     .1956049     .441649
       _cons |   3.378548   .5008977     6.74   0.000     2.391497    4.365598
------------------------------------------------------------------------------
revision/tableA8_a.tex
revision/tableA8_a.xls
dir : seeout
note: div1 omitted because of collinearity.

Linear regression                               Number of obs     =        228
                                                F(15, 212)        =      62.48
                                                Prob > F          =     0.0000
                                                R-squared         =     0.5922
                                                Root MSE          =     1.0146

----------------------------------------------------------------------------------
                 |               Robust
           l_vmt | Coefficient  std. err.      t    P>|t|     [95% conf. interval]
-----------------+----------------------------------------------------------------
            l_ln |   1.007153   .1655347     6.08   0.000     .6808484    1.333458
           l_pop |   .1990693   .1312881     1.52   0.131     -.059728    .4578665
elevat_range_msa |  -.0970884   .1066023    -0.91   0.363    -.3072248    .1130479
  ruggedness_msa |    1.63636   6.422577     0.25   0.799    -11.02393    14.29665
      heating_dd |  -.0104038   .0166562    -0.62   0.533    -.0432368    .0224292
      cooling_dd |  -.0186382   .0382503    -0.49   0.627    -.0940379    .0567615
          sprawl |   .0133261   .0050959     2.62   0.010     .0032811    .0233712
            div1 |          0  (omitted)
            div2 |   .2739491   .2148755     1.27   0.204    -.1496171    .6975153
            div3 |   .4644098   .1511414     3.07   0.002     .1664774    .7623422
            div4 |   .2045512    .257068     0.80   0.427    -.3021857     .711288
            div5 |   .1595644   .2378686     0.67   0.503    -.3093263    .6284551
            div6 |    .385048   .2257262     1.71   0.090    -.0599074    .8300034
            div7 |   .1041462   .2494851     0.42   0.677    -.3876431    .5959355
            div8 |  -.3929825   .6956109    -0.56   0.573    -1.764182    .9782175
            div9 |   .4674401    .406485     1.15   0.251      -.33383     1.26871
           _cons |   3.816653   1.365972     2.79   0.006     1.124026     6.50928
----------------------------------------------------------------------------------
revision/tableA8_a.tex
revision/tableA8_a.xls
dir : seeout
note: div1 omitted because of collinearity.

Linear regression                               Number of obs     =        228
                                                F(27, 200)        =      34.02
                                                Prob > F          =     0.0000
                                                R-squared         =     0.6339
                                                Root MSE          =     .98972

----------------------------------------------------------------------------------
                 |               Robust
           l_vmt | Coefficient  std. err.      t    P>|t|     [95% conf. interval]
-----------------+----------------------------------------------------------------
            l_ln |   .9968835   .1755486     5.68   0.000       .65072    1.343047
           l_pop |  -.1470079   .9398606    -0.16   0.876    -2.000316      1.7063
elevat_range_msa |  -.0928253   .0982423    -0.94   0.346    -.2865489    .1008983
  ruggedness_msa |    2.91421   5.998968     0.49   0.628    -8.915133    14.74355
      heating_dd |    .003524   .0249467     0.14   0.888    -.0456683    .0527163
      cooling_dd |   .0308162   .0711733     0.43   0.666    -.1095302    .1711627
          sprawl |   .0048152   .0059444     0.81   0.419    -.0069065     .016537
   S_somecollege |   1.219141   2.124793     0.57   0.567    -2.970731    5.409013
   l_mean_income |  -1.771795   1.998848    -0.89   0.376    -5.713315    2.169726
  seg1980_ghetto |   .2366699   .2000146     1.18   0.238    -.1577382    .6310781
          S_poor |   1.654425   1.642332     1.01   0.315    -1.584082    4.892933
         S_manuf |   1.956211   1.671595     1.17   0.243    -1.340001    5.252424
         l_pop80 |  -.3979552   1.121802    -0.35   0.723    -2.610033    1.814123
         l_pop70 |   .1046881    1.35097     0.08   0.938    -2.559285    2.768661
         l_pop60 |   .3700269   .9246576     0.40   0.689    -1.453302    2.193356
         l_pop50 |    .173129   .8508982     0.20   0.839    -1.504754    1.851012
         l_pop40 |   1.306899   .7097628     1.84   0.067    -.0926792    2.706478
         l_pop30 |  -1.573968   .7458121    -2.11   0.036    -3.044632   -.1033036
         l_pop20 |   .4598217   .2396945     1.92   0.056     -.012831    .9324744
            div1 |          0  (omitted)
            div2 |   .1628631   .2663273     0.61   0.542    -.3623068     .688033
            div3 |   .3699816   .2114424     1.75   0.082    -.0469609    .7869241
            div4 |   .0514123   .3366754     0.15   0.879    -.6124767    .7153012
            div5 |   .1840178   .2658851     0.69   0.490      -.34028    .7083155
            div6 |   .0453193   .2878216     0.16   0.875     -.522235    .6128736
            div7 |  -.1141174    .291674    -0.39   0.696    -.6892683    .4610335
            div8 |   .0411215    .390996     0.11   0.916    -.7298821     .812125
            div9 |   .9208973   .7608574     1.21   0.228    -.5794346    2.421229
           _cons |   18.40405   16.63287     1.11   0.270    -14.39425    51.20234
----------------------------------------------------------------------------------
revision/tableA8_a.tex
revision/tableA8_a.xls
dir : seeout

Linear regression                               Number of obs     =        228
                                                F(1, 226)         =     170.52
                                                Prob > F          =     0.0000
                                                R-squared         =     0.5825
                                                Root MSE          =     1.0045

------------------------------------------------------------------------------
             |               Robust
       l_vmt | Coefficient  std. err.      t    P>|t|     [95% conf. interval]
-------------+----------------------------------------------------------------
        l_ln |   1.215352   .0930715    13.06   0.000     1.031953    1.398751
       _cons |   5.355685    .669639     8.00   0.000     4.036151     6.67522
------------------------------------------------------------------------------
revision/tableA8_a.tex
revision/tableA8_a.xls
dir : seeout

Linear regression                               Number of obs     =        228
                                                F(2, 225)         =     184.15
                                                Prob > F          =     0.0000
                                                R-squared         =     0.5951
                                                Root MSE          =     .99142

------------------------------------------------------------------------------
             |               Robust
       l_vmt | Coefficient  std. err.      t    P>|t|     [95% conf. interval]
-------------+----------------------------------------------------------------
        l_ln |   .9355276   .1662107     5.63   0.000     .6079989    1.263056
       l_pop |   .2845864    .091065     3.13   0.002      .105137    .4640357
       _cons |   3.527573   .5588133     6.31   0.000     2.426396     4.62875
------------------------------------------------------------------------------
revision/tableA8_a.tex
revision/tableA8_a.xls
dir : seeout
note: div1 omitted because of collinearity.

Linear regression                               Number of obs     =        228
                                                F(15, 212)        =      42.02
                                                Prob > F          =     0.0000
                                                R-squared         =     0.6656
                                                Root MSE          =     .92814

----------------------------------------------------------------------------------
                 |               Robust
           l_vmt | Coefficient  std. err.      t    P>|t|     [95% conf. interval]
-----------------+----------------------------------------------------------------
            l_ln |   1.014638    .154079     6.59   0.000     .7109145    1.318361
           l_pop |   .2290722   .0920524     2.49   0.014      .047617    .4105275
elevat_range_msa |  -.0312513   .1011543    -0.31   0.758    -.2306484    .1681458
  ruggedness_msa |   .1513177   9.545624     0.02   0.987    -18.66518    18.96781
      heating_dd |  -.0190023   .0076575    -2.48   0.014    -.0340968   -.0039078
      cooling_dd |  -.0295265   .0159495    -1.85   0.066    -.0609665    .0019136
          sprawl |   .0093725   .0061868     1.51   0.131    -.0028231    .0215681
            div1 |          0  (omitted)
            div2 |   1.746343   1.278977     1.37   0.174     -.774798    4.267485
            div3 |   1.809192   1.195359     1.51   0.132    -.5471195    4.165503
            div4 |   1.480679   1.223547     1.21   0.228    -.9311973    3.892554
            div5 |   1.373225   1.261701     1.09   0.278    -1.113863    3.860312
            div6 |    1.48951   1.280601     1.16   0.246    -1.034832    4.013852
            div7 |    1.81479   1.258002     1.44   0.151    -.6650044    4.294584
            div8 |   1.644095   1.304475     1.26   0.209    -.9273084    4.215499
            div9 |   1.488879   1.406719     1.06   0.291     -1.28407    4.261828
           _cons |   3.056867   1.863707     1.64   0.102    -.6169035    6.730637
----------------------------------------------------------------------------------
revision/tableA8_a.tex
revision/tableA8_a.xls
dir : seeout
note: div1 omitted because of collinearity.

Linear regression                               Number of obs     =        228
                                                F(28, 199)        =      27.82
                                                Prob > F          =     0.0000
                                                R-squared         =     0.6862
                                                Root MSE          =     .92803

----------------------------------------------------------------------------------
                 |               Robust
           l_vmt | Coefficient  std. err.      t    P>|t|     [95% conf. interval]
-----------------+----------------------------------------------------------------
            l_ln |   1.106377   .1966066     5.63   0.000     .7186773    1.494076
           l_pop |   1.973969   1.110886     1.78   0.077    -.2166496    4.164588
elevat_range_msa |  -.0970992   .1172085    -0.83   0.408    -.3282294     .134031
  ruggedness_msa |  -1.821103   9.948403    -0.18   0.855    -21.43892    17.79672
      heating_dd |  -.0185631   .0079831    -2.33   0.021    -.0343054   -.0028208
      cooling_dd |  -.0518504   .0229556    -2.26   0.025    -.0971178    -.006583
          sprawl |   .0021764   .0072509     0.30   0.764    -.0121222    .0164749
   S_somecollege |  -.8833262   .9564398    -0.92   0.357    -2.769384    1.002731
   l_mean_income |  -.5769482    .782507    -0.74   0.462    -2.120018    .9661216
  seg1980_ghetto |   .1439621   .1240728     1.16   0.247    -.1007041    .3886283
          S_poor |   2.552112    2.98303     0.86   0.393    -3.330294    8.434518
         S_manuf |   1.528332   1.279318     1.19   0.234    -.9944271    4.051092
         l_pop90 |  -2.296685   1.646381    -1.39   0.165    -5.543277    .9499068
         l_pop80 |   2.120257   1.246739     1.70   0.091    -.3382577    4.578772
         l_pop70 |   -1.62694   1.263708    -1.29   0.199    -4.118918    .8650378
         l_pop60 |  -.0252354   1.015332    -0.02   0.980    -2.027427    1.976956
         l_pop50 |  -.3282148   .6792607    -0.48   0.629    -1.667687    1.011258
         l_pop40 |   1.103177   .6229086     1.77   0.078    -.1251712    2.331526
         l_pop30 |   -.762012   .5019224    -1.52   0.131    -1.751781    .2277572
         l_pop20 |   .0429337   .2310597     0.19   0.853     -.412706    .4985733
            div1 |          0  (omitted)
            div2 |   1.630214   1.253075     1.30   0.195    -.8407965    4.101224
            div3 |   1.594786   1.137323     1.40   0.162    -.6479662    3.837538
            div4 |   1.330012   1.187552     1.12   0.264     -1.01179    3.671814
            div5 |   1.146503   1.212905     0.95   0.346    -1.245293    3.538299
            div6 |    1.15891   1.195811     0.97   0.334    -1.199178    3.516998
            div7 |   1.589641   1.212391     1.31   0.191    -.8011416    3.980423
            div8 |   1.183616   1.133426     1.04   0.298    -1.051451    3.418682
            div9 |   1.214155   1.281117     0.95   0.344    -1.312151    3.740462
           _cons |   8.924327   7.267046     1.23   0.221    -5.405972    23.25463
----------------------------------------------------------------------------------
revision/tableA8_a.tex
revision/tableA8_a.xls
dir : seeout

Linear regression                               Number of obs     =        192
                                                F(1, 190)         =     176.13
                                                Prob > F          =     0.0000
                                                R-squared         =     0.6742
                                                Root MSE          =     1.2496

------------------------------------------------------------------------------
             |               Robust
       l_vmt | Coefficient  std. err.      t    P>|t|     [95% conf. interval]
-------------+----------------------------------------------------------------
        l_ln |   1.240593   .0934797    13.27   0.000     1.056202    1.424984
       _cons |   4.837237   .5722207     8.45   0.000     3.708515    5.965958
------------------------------------------------------------------------------
revision/tableA8_b.tex
revision/tableA8_b.xls
dir : seeout

Linear regression                               Number of obs     =        192
                                                F(2, 189)         =     352.01
                                                Prob > F          =     0.0000
                                                R-squared         =     0.6773
                                                Root MSE          =     1.2469

------------------------------------------------------------------------------
             |               Robust
       l_vmt | Coefficient  std. err.      t    P>|t|     [95% conf. interval]
-------------+----------------------------------------------------------------
        l_ln |   1.371739   .2342361     5.86   0.000     .9096861    1.833792
       l_pop |  -.1984541   .2257748    -0.88   0.381    -.6438162    .2469081
       _cons |   6.686244   1.622958     4.12   0.000     3.484805    9.887682
------------------------------------------------------------------------------
revision/tableA8_b.tex
revision/tableA8_b.xls
dir : seeout
note: div9 omitted because of collinearity.

Linear regression                               Number of obs     =        192
                                                F(15, 176)        =      49.24
                                                Prob > F          =     0.0000
                                                R-squared         =     0.7296
                                                Root MSE          =     1.1828

----------------------------------------------------------------------------------
                 |               Robust
           l_vmt | Coefficient  std. err.      t    P>|t|     [95% conf. interval]
-----------------+----------------------------------------------------------------
            l_ln |   1.347274   .2137426     6.30   0.000     .9254458    1.769102
           l_pop |  -.1113379   .1821148    -0.61   0.542    -.4707477    .2480719
elevat_range_msa |   .0877502    .146683     0.60   0.550    -.2017337    .3772341
  ruggedness_msa |  -15.45262   9.972752    -1.55   0.123    -35.13419    4.228946
      heating_dd |  -.0296576   .0173277    -1.71   0.089    -.0638543    .0045392
      cooling_dd |   -.094176   .0569483    -1.65   0.100    -.2065654    .0182134
          sprawl |   .0304618   .0142401     2.14   0.034     .0023585    .0585651
            div1 |  -.1017933   .5582031    -0.18   0.856    -1.203426    .9998398
            div2 |    .000667   .5146233     0.00   0.999     -1.01496    1.016294
            div3 |   .2793057   .6198129     0.45   0.653    -.9439163    1.502528
            div4 |   .5294909   .6067488     0.87   0.384    -.6679486     1.72693
            div5 |  -.4071901   .5448336    -0.75   0.456    -1.482438    .6680577
            div6 |   .0475561   .5579533     0.09   0.932    -1.053584    1.148696
            div7 |   1.044029   .6773191     1.54   0.125    -.2926836    2.380742
            div8 |   .2266331   .4233803     0.54   0.593    -.6089225    1.062189
            div9 |          0  (omitted)
           _cons |   6.878102   2.020037     3.40   0.001     2.891489    10.86471
----------------------------------------------------------------------------------
revision/tableA8_b.tex
revision/tableA8_b.xls
dir : seeout
note: div9 omitted because of collinearity.

Linear regression                               Number of obs     =        192
                                                F(26, 165)        =      44.95
                                                Prob > F          =     0.0000
                                                R-squared         =     0.7670
                                                Root MSE          =      1.134

----------------------------------------------------------------------------------
                 |               Robust
           l_vmt | Coefficient  std. err.      t    P>|t|     [95% conf. interval]
-----------------+----------------------------------------------------------------
            l_ln |   1.337457   .2259127     5.92   0.000     .8914044    1.783509
           l_pop |  -1.132664   1.889295    -0.60   0.550    -4.862974    2.597646
elevat_range_msa |   .2776804   .1743658     1.59   0.113    -.0665955    .6219562
  ruggedness_msa |  -11.44232   11.97251    -0.96   0.341    -35.08139    12.19675
      heating_dd |  -.0201738   .0129856    -1.55   0.122    -.0458131    .0054654
      cooling_dd |  -.0298271   .0351876    -0.85   0.398    -.0993031     .039649
          sprawl |   .0181898   .0160557     1.13   0.259    -.0135113    .0498909
   S_somecollege |   2.419595   1.954058     1.24   0.217    -1.438585    6.277776
   l_mean_income |    1.31489   1.673826     0.79   0.433    -1.989988    4.619767
  seg1980_ghetto |  -.0900768   .2809361    -0.32   0.749    -.6447699    .4646164
          S_poor |   1.962968   3.033667     0.65   0.518    -4.026843    7.952779
         S_manuf |   1.469734   .8485146     1.73   0.085    -.2056116     3.14508
         l_pop70 |  -.2687664   2.960921    -0.09   0.928    -6.114943    5.577411
         l_pop60 |   .4059416   2.374122     0.17   0.864    -4.281634    5.093517
         l_pop50 |   1.734991   1.695683     1.02   0.308    -1.613043    5.083024
         l_pop40 |   .6739734    1.04536     0.64   0.520    -1.390032    2.737979
         l_pop30 |  -2.790098   1.520521    -1.83   0.068    -5.792284    .2120876
         l_pop20 |   1.247386   .8770165     1.42   0.157    -.4842349    2.979008
            div1 |   .3290187   .6688918     0.49   0.623    -.9916717    1.649709
            div2 |    .494152   .6782027     0.73   0.467    -.8449225    1.833226
            div3 |   .7329047   .7340722     1.00   0.320    -.7164811     2.18229
            div4 |   .6841716   .6179524     1.11   0.270    -.5359419    1.904285
            div5 |   .0527558   .6592453     0.08   0.936    -1.248888      1.3544
            div6 |   .2417475   .6611541     0.37   0.715    -1.063665     1.54716
            div7 |   1.065733   .6186415     1.72   0.087    -.1557414    2.287207
            div8 |   .4214989   .4003314     1.05   0.294    -.3689337    1.211932
            div9 |          0  (omitted)
           _cons |  -8.245082   16.03383    -0.51   0.608      -39.903    23.41284
----------------------------------------------------------------------------------
revision/tableA8_b.tex
revision/tableA8_b.xls
dir : seeout

Linear regression                               Number of obs     =        192
                                                F(1, 190)         =     512.93
                                                Prob > F          =     0.0000
                                                R-squared         =     0.4983
                                                Root MSE          =     1.5549

------------------------------------------------------------------------------
             |               Robust
       l_vmt | Coefficient  std. err.      t    P>|t|     [95% conf. interval]
-------------+----------------------------------------------------------------
        l_ln |   1.095115   .0483537    22.65   0.000     .9997359    1.190494
       _cons |   5.933808   .3416067    17.37   0.000     5.259979    6.607637
------------------------------------------------------------------------------
revision/tableA8_b.tex
revision/tableA8_b.xls
dir : seeout

Linear regression                               Number of obs     =        192
                                                F(2, 189)         =     338.95
                                                Prob > F          =     0.0000
                                                R-squared         =     0.4983
                                                Root MSE          =      1.559

------------------------------------------------------------------------------
             |               Robust
       l_vmt | Coefficient  std. err.      t    P>|t|     [95% conf. interval]
-------------+----------------------------------------------------------------
        l_ln |   1.088287   .2119821     5.13   0.000      .670132    1.506442
       l_pop |   .0094453   .2542741     0.04   0.970    -.4921346    .5110252
       _cons |   5.849781   2.068404     2.83   0.005     1.769659    9.929904
------------------------------------------------------------------------------
revision/tableA8_b.tex
revision/tableA8_b.xls
dir : seeout
note: div9 omitted because of collinearity.

Linear regression                               Number of obs     =        192
                                                F(15, 176)        =      77.62
                                                Prob > F          =     0.0000
                                                R-squared         =     0.5604
                                                Root MSE          =     1.5124

----------------------------------------------------------------------------------
                 |               Robust
           l_vmt | Coefficient  std. err.      t    P>|t|     [95% conf. interval]
-----------------+----------------------------------------------------------------
            l_ln |   1.098706   .1895131     5.80   0.000     .7246956    1.472717
           l_pop |   .0856247   .1970388     0.43   0.664    -.3032382    .4744876
elevat_range_msa |  -.6290435   .5820686    -1.08   0.281    -1.777776    .5196888
  ruggedness_msa |    4.78942   10.73049     0.45   0.656    -16.38756     25.9664
      heating_dd |   .0125371   .0220193     0.57   0.570    -.0309188     .055993
      cooling_dd |  -.0067656   .0561028    -0.12   0.904    -.1174865    .1039553
          sprawl |   .0184844   .0110805     1.67   0.097    -.0033833    .0403521
            div1 |  -1.886826    1.48785    -1.27   0.206     -4.82315    1.049497
            div2 |  -1.753885   1.413366    -1.24   0.216    -4.543212    1.035441
            div3 |  -1.535083   1.574306    -0.98   0.331     -4.64203    1.571864
            div4 |  -1.963649    1.55312    -1.26   0.208    -5.028785    1.101487
            div5 |  -1.384614   1.129121    -1.23   0.222    -3.612974    .8437451
            div6 |  -1.128243   1.223082    -0.92   0.358    -3.542038    1.285551
            div7 |  -1.250133   1.158886    -1.08   0.282    -3.537235    1.036969
            div8 |  -1.845523   1.338308    -1.38   0.170    -4.486719    .7956743
            div9 |          0  (omitted)
           _cons |   5.272078   2.452551     2.15   0.033     .4318845    10.11227
----------------------------------------------------------------------------------
revision/tableA8_b.tex
revision/tableA8_b.xls
dir : seeout
note: div9 omitted because of collinearity.

Linear regression                               Number of obs     =        192
                                                F(27, 164)        =      32.80
                                                Prob > F          =     0.0000
                                                R-squared         =     0.6635
                                                Root MSE          =     1.3708

----------------------------------------------------------------------------------
                 |               Robust
           l_vmt | Coefficient  std. err.      t    P>|t|     [95% conf. interval]
-----------------+----------------------------------------------------------------
            l_ln |   1.107619   .2134036     5.19   0.000     .6862462    1.528992
           l_pop |  -2.455264   1.599468    -1.54   0.127    -5.613469    .7029407
elevat_range_msa |  -.3571666   .3045972    -1.17   0.243    -.9586043     .244271
  ruggedness_msa |  -8.573418   12.97697    -0.66   0.510    -34.19689    17.05006
      heating_dd |   .0190071   .0247474     0.77   0.444    -.0298575    .0678717
      cooling_dd |    .087429   .0738225     1.18   0.238     -.058336     .233194
          sprawl |    .012511   .0102384     1.22   0.223     -.007705    .0327271
   S_somecollege |   9.469668    4.40859     2.15   0.033     .7647539    18.17458
   l_mean_income |   -1.39032    2.54174    -0.55   0.585    -6.409073    3.628432
  seg1980_ghetto |  -.1615329   .2986507    -0.54   0.589    -.7512289    .4281632
          S_poor |   5.213816   4.173326     1.25   0.213    -3.026561    13.45419
         S_manuf |   5.548102   2.303431     2.41   0.017     .9998972    10.09631
         l_pop80 |   1.833484   3.145526     0.58   0.561    -4.377466    8.044435
         l_pop70 |  -2.433172   3.965733    -0.61   0.540    -10.26365    5.397304
         l_pop60 |   3.300447    3.40035     0.97   0.333    -3.413661    10.01455
         l_pop50 |  -2.847109   2.538523    -1.12   0.264    -7.859511    2.165293
         l_pop40 |   3.505916   1.536632     2.28   0.024     .4717829     6.54005
         l_pop30 |   .2887063   1.489594     0.19   0.847    -2.652548     3.22996
         l_pop20 |  -.9364131   .7391619    -1.27   0.207    -2.395914    .5230875
            div1 |  -2.646782   1.343259    -1.97   0.050    -5.299093    .0055291
            div2 |  -2.510261   1.300252    -1.93   0.055    -5.077653    .0571309
            div3 |    -2.2363   1.327591    -1.68   0.094    -4.857675    .3850752
            div4 |  -3.143074    1.48028    -2.12   0.035    -6.065938   -.2202099
            div5 |  -2.380944   1.154168    -2.06   0.041    -4.659887   -.1019998
            div6 |  -2.593388    1.32565    -1.96   0.052     -5.21093    .0241551
            div7 |  -2.761408   1.222586    -2.26   0.025    -5.175445   -.3473703
            div8 |  -2.054733    1.12118    -1.83   0.069    -4.268541    .1590752
            div9 |          0  (omitted)
           _cons |   11.61112   21.96451     0.53   0.598    -31.75857     54.9808
----------------------------------------------------------------------------------
revision/tableA8_b.tex
revision/tableA8_b.xls
dir : seeout

Linear regression                               Number of obs     =        192
                                                F(1, 190)         =    1383.71
                                                Prob > F          =     0.0000
                                                R-squared         =     0.8582
                                                Root MSE          =     .57267

------------------------------------------------------------------------------
             |               Robust
       l_vmt | Coefficient  std. err.      t    P>|t|     [95% conf. interval]
-------------+----------------------------------------------------------------
        l_ln |   1.012507   .0272192    37.20   0.000     .9588161    1.066197
       _cons |   6.909599    .178143    38.79   0.000     6.558207    7.260991
------------------------------------------------------------------------------
revision/tableA8_b.tex
revision/tableA8_b.xls
dir : seeout

Linear regression                               Number of obs     =        192
                                                F(2, 189)         =     719.38
                                                Prob > F          =     0.0000
                                                R-squared         =     0.8753
                                                Root MSE          =     .53846

------------------------------------------------------------------------------
             |               Robust
       l_vmt | Coefficient  std. err.      t    P>|t|     [95% conf. interval]
-------------+----------------------------------------------------------------
        l_ln |   .7529057   .0614467    12.25   0.000     .6316962    .8741152
       l_pop |   .3514294   .0705354     4.98   0.000     .2122916    .4905672
       _cons |   3.818339   .6360738     6.00   0.000     2.563623    5.073055
------------------------------------------------------------------------------
revision/tableA8_b.tex
revision/tableA8_b.xls
dir : seeout
note: div9 omitted because of collinearity.

Linear regression                               Number of obs     =        192
                                                F(15, 176)        =     142.64
                                                Prob > F          =     0.0000
                                                R-squared         =     0.9024
                                                Root MSE          =     .49381

----------------------------------------------------------------------------------
                 |               Robust
           l_vmt | Coefficient  std. err.      t    P>|t|     [95% conf. interval]
-----------------+----------------------------------------------------------------
            l_ln |   .8011695   .0663878    12.07   0.000     .6701508    .9321882
           l_pop |   .2774713   .0769031     3.61   0.000     .1257005    .4292422
elevat_range_msa |   -.043684   .0968217    -0.45   0.652     -.234765    .1473969
  ruggedness_msa |   8.118769   6.465636     1.26   0.211    -4.641387    20.87892
      heating_dd |  -.0202798   .0063543    -3.19   0.002    -.0328203   -.0077393
      cooling_dd |  -.0273866   .0141647    -1.93   0.055    -.0553411    .0005679
          sprawl |   .0032797   .0050871     0.64   0.520    -.0067598    .0133192
            div1 |   .1467871   .3018578     0.49   0.627    -.4489396    .7425139
            div2 |   .2931587   .2999075     0.98   0.330    -.2987191    .8850364
            div3 |   .5002043   .3027439     1.65   0.100    -.0972712     1.09768
            div4 |   .1475428   .3300112     0.45   0.655    -.5037457    .7988312
            div5 |  -.0128647   .2920361    -0.04   0.965    -.5892079    .5634786
            div6 |   .0504438   .3156625     0.16   0.873    -.5725269    .6734146
            div7 |   .4411503   .2788056     1.58   0.115    -.1090821    .9913828
            div8 |   .3956011    .213688     1.85   0.066    -.0261196    .8173218
            div9 |          0  (omitted)
           _cons |   5.388718   .9605602     5.61   0.000      3.49302    7.284417
----------------------------------------------------------------------------------
revision/tableA8_b.tex
revision/tableA8_b.xls
dir : seeout
note: div9 omitted because of collinearity.

Linear regression                               Number of obs     =        192
                                                F(28, 163)        =      94.00
                                                Prob > F          =     0.0000
                                                R-squared         =     0.9107
                                                Root MSE          =     .49071

----------------------------------------------------------------------------------
                 |               Robust
           l_vmt | Coefficient  std. err.      t    P>|t|     [95% conf. interval]
-----------------+----------------------------------------------------------------
            l_ln |   .8147852   .0781636    10.42   0.000     .6604415    .9691289
           l_pop |   2.026135   .9621549     2.11   0.037     .1262401     3.92603
elevat_range_msa |  -.0414367   .1092948    -0.38   0.705     -.257253    .1743795
  ruggedness_msa |   5.897119    8.22804     0.72   0.475    -10.35017    22.14441
      heating_dd |  -.0230785   .0065478    -3.52   0.001    -.0360079   -.0101492
      cooling_dd |  -.0318245   .0172064    -1.85   0.066    -.0658006    .0021516
          sprawl |   .0008814   .0052429     0.17   0.867    -.0094713    .0112341
   S_somecollege |   1.280686   .8172833     1.57   0.119     -.333142    2.894513
   l_mean_income |   -.124301   .6075573    -0.20   0.838    -1.323999    1.075397
  seg1980_ghetto |   .0537492   .1094644     0.49   0.624    -.1624019    .2699002
          S_poor |   .2456678   1.582607     0.16   0.877    -2.879387    3.370722
         S_manuf |   .5270956   .8228657     0.64   0.523    -1.097755    2.151946
         l_pop90 |  -2.012252    1.51015    -1.33   0.185     -4.99423    .9697268
         l_pop80 |   .3691135   1.236748     0.30   0.766       -2.073    2.811227
         l_pop70 |  -.6232549   1.065693    -0.58   0.559    -2.727598    1.481088
         l_pop60 |   .3985994   .8518681     0.47   0.640     -1.28352    2.080719
         l_pop50 |  -.3627231   .6610016    -0.55   0.584    -1.667953     .942507
         l_pop40 |    .829133     .58948     1.41   0.161    -.3348687    1.993135
         l_pop30 |  -.4196634   .4539076    -0.92   0.357    -1.315961    .4766338
         l_pop20 |   .0142312   .2219251     0.06   0.949    -.4239876      .45245
            div1 |   .2760586   .3629047     0.76   0.448    -.4405418    .9926591
            div2 |   .5327376   .3684147     1.45   0.150    -.1947432    1.260218
            div3 |   .5993799    .365939     1.64   0.103    -.1232124    1.321972
            div4 |   .0891669   .3755652     0.24   0.813    -.6524333    .8307672
            div5 |  -.0663226   .3568442    -0.19   0.853    -.7709559    .6383107
            div6 |   .0142459    .362045     0.04   0.969     -.700657    .7291488
            div7 |   .4221782   .3112376     1.36   0.177    -.1923992    1.036756
            div8 |   .2063203    .250269     0.82   0.411    -.2878669    .7005076
            div9 |          0  (omitted)
           _cons |   6.725471   5.984382     1.12   0.263    -5.091437    18.54238
----------------------------------------------------------------------------------
revision/tableA8_b.tex
revision/tableA8_b.xls
dir : seeout

Linear regression                               Number of obs     =        192
                                                F(1, 190)         =     796.14
                                                Prob > F          =     0.0000
                                                R-squared         =     0.8166
                                                Root MSE          =      .5757

------------------------------------------------------------------------------
             |               Robust
       l_vmt | Coefficient  std. err.      t    P>|t|     [95% conf. interval]
-------------+----------------------------------------------------------------
        l_ln |   1.038926   .0368205    28.22   0.000     .9662964    1.111556
       _cons |   4.413636   .2848557    15.49   0.000     3.851751    4.975522
------------------------------------------------------------------------------
revision/tableA8_c.tex
revision/tableA8_c.xls
dir : seeout

Linear regression                               Number of obs     =        192
                                                F(2, 189)         =     574.57
                                                Prob > F          =     0.0000
                                                R-squared         =     0.8445
                                                Root MSE          =     .53141

------------------------------------------------------------------------------
             |               Robust
       l_vmt | Coefficient  std. err.      t    P>|t|     [95% conf. interval]
-------------+----------------------------------------------------------------
        l_ln |   .7260028   .1089095     6.67   0.000     .5111683    .9408372
       l_pop |   .3773465   .1047048     3.60   0.000     .1708064    .5838866
       _cons |   1.949701   .6056251     3.22   0.002     .7550478    3.144354
------------------------------------------------------------------------------
revision/tableA8_c.tex
revision/tableA8_c.xls
dir : seeout
note: div9 omitted because of collinearity.

Linear regression                               Number of obs     =        192
                                                F(15, 176)        =      99.98
                                                Prob > F          =     0.0000
                                                R-squared         =     0.8665
                                                Root MSE          =     .51032

----------------------------------------------------------------------------------
                 |               Robust
           l_vmt | Coefficient  std. err.      t    P>|t|     [95% conf. interval]
-----------------+----------------------------------------------------------------
            l_ln |   .7293576   .0893717     8.16   0.000     .5529795    .9057358
           l_pop |   .3142689   .0863091     3.64   0.000      .143935    .4846029
elevat_range_msa |   .0532995   .0796217     0.67   0.504    -.1038368    .2104357
  ruggedness_msa |  -.1072208   4.704319    -0.02   0.982    -9.391357    9.176915
      heating_dd |  -.0091782   .0057306    -1.60   0.111    -.0204876    .0021313
      cooling_dd |  -.0131557    .012094    -1.09   0.278    -.0370236    .0107122
          sprawl |   .0008705   .0051653     0.17   0.866    -.0093235    .0110644
            div1 |  -.3222264   .3665698    -0.88   0.381    -1.045664    .4012117
            div2 |   .2140154   .2960855     0.72   0.471    -.3703195    .7983504
            div3 |   .1193384   .2914877     0.41   0.683    -.4559226    .6945994
            div4 |  -.1851567   .3199794    -0.58   0.564     -.816647    .4463337
            div5 |  -.0174482    .257197    -0.07   0.946    -.5250352    .4901389
            div6 |  -.1302746   .2677514    -0.49   0.627    -.6586911     .398142
            div7 |   -.070283   .2680491    -0.26   0.793    -.5992872    .4587211
            div8 |  -.4177268    .190618    -2.19   0.030    -.7939178   -.0415357
            div9 |          0  (omitted)
           _cons |   3.333331   .8573899     3.89   0.000     1.641243     5.02542
----------------------------------------------------------------------------------
revision/tableA8_c.tex
revision/tableA8_c.xls
dir : seeout
note: div9 omitted because of collinearity.

Linear regression                               Number of obs     =        192
                                                F(26, 165)        =      67.24
                                                Prob > F          =     0.0000
                                                R-squared         =     0.8763
                                                Root MSE          =     .50736

----------------------------------------------------------------------------------
                 |               Robust
           l_vmt | Coefficient  std. err.      t    P>|t|     [95% conf. interval]
-----------------+----------------------------------------------------------------
            l_ln |   .7555581   .0914792     8.26   0.000     .5749374    .9361787
           l_pop |   .0081123   .4976881     0.02   0.987    -.9745458    .9907705
elevat_range_msa |   .1036156   .0836353     1.24   0.217    -.0615176    .2687489
  ruggedness_msa |  -1.801861   5.075691    -0.35   0.723    -11.82354    8.219814
      heating_dd |  -.0066177   .0062007    -1.07   0.287    -.0188606    .0056253
      cooling_dd |  -.0009305   .0137043    -0.07   0.946    -.0279889     .026128
          sprawl |   .0036952    .005217     0.71   0.480    -.0066055     .013996
   S_somecollege |   .1566346    .853844     0.18   0.855    -1.529234    1.842503
   l_mean_income |   .8034946   .7836045     1.03   0.307    -.7436899    2.350679
  seg1980_ghetto |   .0188112   .0920582     0.20   0.838    -.1629526     .200575
          S_poor |   1.193752   1.011041     1.18   0.239    -.8024928    3.189997
         S_manuf |   .1013583   .4918596     0.21   0.837    -.8697917    1.072508
         l_pop70 |   .4341571   .7914901     0.55   0.584    -1.128597    1.996911
         l_pop60 |  -.8951459   .6618421    -1.35   0.178    -2.201917    .4116253
         l_pop50 |   1.337359   .4915334     2.72   0.007     .3668528    2.307865
         l_pop40 |  -1.223264   .5329952    -2.30   0.023    -2.275635   -.1708943
         l_pop30 |   .9114393   .4081218     2.23   0.027     .1056249    1.717254
         l_pop20 |  -.2988505   .1433037    -2.09   0.039    -.5817959   -.0159051
            div1 |  -.2708539   .3704609    -0.73   0.466    -1.002309    .4606011
            div2 |    .275084   .3190653     0.86   0.390     -.354893    .9050611
            div3 |   .1253032   .3093678     0.41   0.686    -.4855268    .7361331
            div4 |  -.1456144   .3353601    -0.43   0.665    -.8077646    .5165359
            div5 |     .04814   .2693458     0.18   0.858    -.4836686    .5799486
            div6 |  -.1587802   .2932425    -0.54   0.589    -.7377716    .4202111
            div7 |   -.131826   .2684162    -0.49   0.624    -.6617992    .3981472
            div8 |  -.3326142    .193582    -1.72   0.088    -.7148314     .049603
            div9 |          0  (omitted)
           _cons |  -5.115176   7.565428    -0.68   0.500     -20.0527    9.822351
----------------------------------------------------------------------------------
revision/tableA8_c.tex
revision/tableA8_c.xls
dir : seeout

Linear regression                               Number of obs     =        192
                                                F(1, 190)         =     326.01
                                                Prob > F          =     0.0000
                                                R-squared         =     0.3930
                                                Root MSE          =     1.4255

------------------------------------------------------------------------------
             |               Robust
       l_vmt | Coefficient  std. err.      t    P>|t|     [95% conf. interval]
-------------+----------------------------------------------------------------
        l_ln |   1.027934   .0569313    18.06   0.000     .9156357    1.140233
       _cons |   4.276091   .4190676    10.20   0.000     3.449468    5.102713
------------------------------------------------------------------------------
revision/tableA8_c.tex
revision/tableA8_c.xls
dir : seeout

Linear regression                               Number of obs     =        192
                                                F(2, 189)         =     188.16
                                                Prob > F          =     0.0000
                                                R-squared         =     0.4175
                                                Root MSE          =     1.4001

------------------------------------------------------------------------------
             |               Robust
       l_vmt | Coefficient  std. err.      t    P>|t|     [95% conf. interval]
-------------+----------------------------------------------------------------
        l_ln |   .2127189   .2359854     0.90   0.369    -.2527847    .6782225
       l_pop |   .8240372   .2458813     3.35   0.001      .339013    1.309061
       _cons |   .0971973   1.443553     0.07   0.946    -2.750349    2.944743
------------------------------------------------------------------------------
revision/tableA8_c.tex
revision/tableA8_c.xls
dir : seeout
note: div9 omitted because of collinearity.

Linear regression                               Number of obs     =        192
                                                F(15, 176)        =      53.83
                                                Prob > F          =     0.0000
                                                R-squared         =     0.5115
                                                Root MSE          =     1.3287

----------------------------------------------------------------------------------
                 |               Robust
           l_vmt | Coefficient  std. err.      t    P>|t|     [95% conf. interval]
-----------------+----------------------------------------------------------------
            l_ln |   .4127786   .2895904     1.43   0.156    -.1587379    .9842951
           l_pop |   .7104031   .2958521     2.40   0.017     .1265289    1.294277
elevat_range_msa |  -.6262063   .6417609    -0.98   0.331    -1.892743    .6403308
  ruggedness_msa |  -1.007753   10.36183    -0.10   0.923    -21.45717    19.44167
      heating_dd |    .017891   .0236621     0.76   0.451     -.028807     .064589
      cooling_dd |    .024445   .0488355     0.50   0.617    -.0719335    .1208235
          sprawl |   .0161571   .0106891     1.51   0.132    -.0049381    .0372523
            div1 |  -2.037652   1.570598    -1.30   0.196    -5.137281    1.061976
            div2 |  -2.058067   1.518614    -1.36   0.177    -5.055103    .9389702
            div3 |  -1.996591   1.686492    -1.18   0.238    -5.324941    1.331759
            div4 |  -2.058303   1.623236    -1.27   0.206    -5.261815    1.145209
            div5 |  -2.009185   1.143326    -1.76   0.081    -4.265578    .2472074
            div6 |  -1.694205   1.219174    -1.39   0.166    -4.100288     .711877
            div7 |   -1.99234   1.095464    -1.82   0.071    -4.154276    .1695966
            div8 |  -2.344492   1.363555    -1.72   0.087    -5.035515    .3465301
            div9 |          0  (omitted)
           _cons |   .3793201   2.838065     0.13   0.894    -5.221699     5.98034
----------------------------------------------------------------------------------
revision/tableA8_c.tex
revision/tableA8_c.xls
dir : seeout
note: div9 omitted because of collinearity.

Linear regression                               Number of obs     =        192
                                                F(27, 164)        =      26.56
                                                Prob > F          =     0.0000
                                                R-squared         =     0.6647
                                                Root MSE          =     1.1405

----------------------------------------------------------------------------------
                 |               Robust
           l_vmt | Coefficient  std. err.      t    P>|t|     [95% conf. interval]
-----------------+----------------------------------------------------------------
            l_ln |    .300311   .3028193     0.99   0.323    -.2976162    .8982383
           l_pop |  -3.538341   1.416274    -2.50   0.013    -6.334823   -.7418592
elevat_range_msa |   -.395294   .3065337    -1.29   0.199    -1.000555    .2099673
  ruggedness_msa |  -10.68901   10.31993    -1.04   0.302    -31.06608    9.688058
      heating_dd |   .0214115   .0276082     0.78   0.439    -.0331018    .0759247
      cooling_dd |   .1024541   .0784364     1.31   0.193    -.0524213    .2573295
          sprawl |    .015018   .0104945     1.43   0.154    -.0057038    .0357398
   S_somecollege |   11.16397   4.697688     2.38   0.019     1.888218    20.43971
   l_mean_income |  -3.824673   2.072929    -1.85   0.067    -7.917743    .2683974
  seg1980_ghetto |  -.1842221   .2777957    -0.66   0.508    -.7327393    .3642952
          S_poor |   1.711414   2.018977     0.85   0.398    -2.275127    5.697954
         S_manuf |   5.659063   2.361636     2.40   0.018     .9959313    10.32219
         l_pop80 |   5.720689   2.218328     2.58   0.011     1.340523    10.10086
         l_pop70 |  -5.554642   2.937102    -1.89   0.060    -11.35405    .2447688
         l_pop60 |   5.954994   2.889261     2.06   0.041     .2500482    11.65994
         l_pop50 |  -3.824406   2.088426    -1.83   0.069    -7.948076    .2992639
         l_pop40 |    1.82778   1.597784     1.14   0.254      -1.3271     4.98266
         l_pop30 |   1.617662   1.476408     1.10   0.275    -1.297555     4.53288
         l_pop20 |  -1.091424   .5928352    -1.84   0.067    -2.261997    .0791498
            div1 |  -2.499583   1.382735    -1.81   0.072    -5.229842    .2306755
            div2 |  -2.517397   1.353126    -1.86   0.065    -5.189192    .1543975
            div3 |  -2.269319   1.389066    -1.63   0.104    -5.012077    .4734403
            div4 |  -2.856581   1.564773    -1.83   0.070    -5.946279    .2331164
            div5 |  -2.876082   1.163618    -2.47   0.014    -5.173686    -.578478
            div6 |   -2.89367   1.297361    -2.23   0.027    -5.455354   -.3319865
            div7 |  -3.107899   1.245967    -2.49   0.014    -5.568103   -.6476952
            div8 |  -2.582832     1.1263    -2.29   0.023     -4.80675   -.3589133
            div9 |          0  (omitted)
           _cons |   28.29375   16.42322     1.72   0.087    -4.134456    60.72196
----------------------------------------------------------------------------------
revision/tableA8_c.tex
revision/tableA8_c.xls
dir : seeout

Linear regression                               Number of obs     =        192
                                                F(1, 190)         =    1690.90
                                                Prob > F          =     0.0000
                                                R-squared         =     0.8903
                                                Root MSE          =      .4268

------------------------------------------------------------------------------
             |               Robust
       l_vmt | Coefficient  std. err.      t    P>|t|     [95% conf. interval]
-------------+----------------------------------------------------------------
        l_ln |   1.072958    .026093    41.12   0.000     1.021489    1.124427
       _cons |   4.308677   .2155554    19.99   0.000     3.883488    4.733866
------------------------------------------------------------------------------
revision/tableA8_c.tex
revision/tableA8_c.xls
dir : seeout

Linear regression                               Number of obs     =        192
                                                F(2, 189)         =    1191.95
                                                Prob > F          =     0.0000
                                                R-squared         =     0.9127
                                                Root MSE          =     .38175

------------------------------------------------------------------------------
             |               Robust
       l_vmt | Coefficient  std. err.      t    P>|t|     [95% conf. interval]
-------------+----------------------------------------------------------------
        l_ln |   .4372592   .0882878     4.95   0.000      .263103    .6114154
       l_pop |   .6355698   .0827953     7.68   0.000     .4722481    .7988915
       _cons |   1.192105   .4301863     2.77   0.006     .3435216    2.040688
------------------------------------------------------------------------------
revision/tableA8_c.tex
revision/tableA8_c.xls
dir : seeout
note: div9 omitted because of collinearity.

Linear regression                               Number of obs     =        192
                                                F(15, 176)        =     245.80
                                                Prob > F          =     0.0000
                                                R-squared         =     0.9342
                                                Root MSE          =     .34346

----------------------------------------------------------------------------------
                 |               Robust
           l_vmt | Coefficient  std. err.      t    P>|t|     [95% conf. interval]
-----------------+----------------------------------------------------------------
            l_ln |   .4973392    .091835     5.42   0.000     .3160998    .6785787
           l_pop |   .5585303   .0910787     6.13   0.000     .3787834    .7382773
elevat_range_msa |  -.0675683   .0679364    -0.99   0.321     -.201643    .0665064
  ruggedness_msa |   1.085794   3.943594     0.28   0.783    -6.697024    8.868612
      heating_dd |  -.0016345   .0038939    -0.42   0.675    -.0093192    .0060503
      cooling_dd |   .0213709   .0091372     2.34   0.020     .0033382    .0394035
          sprawl |   .0035649   .0034156     1.04   0.298    -.0031758    .0103057
            div1 |  -.6318969   .1973189    -3.20   0.002    -1.021312   -.2424813
            div2 |  -.2592424   .1758074    -1.47   0.142    -.6062044    .0877195
            div3 |  -.3414223   .1956586    -1.74   0.083    -.7275614    .0447167
            div4 |  -.3901758   .2080994    -1.87   0.062    -.8008672    .0205155
            div5 |  -.4721534   .1628345    -2.90   0.004    -.7935128    -.150794
            div6 |  -.5966695   .1733698    -3.44   0.001    -.9388208   -.2545182
            div7 |  -.5864902   .1722647    -3.40   0.001    -.9264604   -.2465199
            div8 |  -.2329439   .1479497    -1.57   0.117    -.5249277    .0590399
            div9 |          0  (omitted)
           _cons |   1.778174    .686533     2.59   0.010      .423278    3.133071
----------------------------------------------------------------------------------
revision/tableA8_c.tex
revision/tableA8_c.xls
dir : seeout
note: div9 omitted because of collinearity.

Linear regression                               Number of obs     =        192
                                                F(28, 163)        =     152.36
                                                Prob > F          =     0.0000
                                                R-squared         =     0.9400
                                                Root MSE          =     .34067

----------------------------------------------------------------------------------
                 |               Robust
           l_vmt | Coefficient  std. err.      t    P>|t|     [95% conf. interval]
-----------------+----------------------------------------------------------------
            l_ln |   .5565561   .1025839     5.43   0.000     .3539914    .7591209
           l_pop |   .6328105   .5382142     1.18   0.241    -.4299605    1.695581
elevat_range_msa |  -.0487106   .0661779    -0.74   0.463    -.1793872     .081966
  ruggedness_msa |   1.354998   4.068825     0.33   0.740    -6.679404    9.389399
      heating_dd |   -.003686   .0042252    -0.87   0.384    -.0120291    .0046571
      cooling_dd |   .0120562   .0123182     0.98   0.329    -.0122676    .0363801
          sprawl |   .0015091    .004292     0.35   0.726    -.0069659    .0099841
   S_somecollege |   .4092165   .5353821     0.76   0.446    -.6479622    1.466395
   l_mean_income |   .3227932   .3805692     0.85   0.398    -.4286881    1.074275
  seg1980_ghetto |  -.1577015   .0719012    -2.19   0.030    -.2996795   -.0157236
          S_poor |   2.501829   1.294932     1.93   0.055    -.0551765    5.058834
         S_manuf |   .4508421   .5086689     0.89   0.377    -.5535879    1.455272
         l_pop90 |  -.0739033   .9260871    -0.08   0.936    -1.902578    1.754771
         l_pop80 |   .7704112    .731971     1.05   0.294    -.6749567    2.215779
         l_pop70 |   -1.43272   .6257219    -2.29   0.023    -2.668285   -.1971539
         l_pop60 |   .8668595   .4953493     1.75   0.082    -.1112694    1.844988
         l_pop50 |  -.3367254   .4103668    -0.82   0.413    -1.147046    .4735951
         l_pop40 |   .0588574   .4021125     0.15   0.884    -.7351639    .8528787
         l_pop30 |   .0908346   .3022555     0.30   0.764    -.5060066    .6876758
         l_pop20 |  -.0306613   .1304214    -0.24   0.814    -.2881947    .2268721
            div1 |  -.3184549   .2304671    -1.38   0.169     -.773541    .1366312
            div2 |   .0792258   .2171592     0.36   0.716    -.3495822    .5080338
            div3 |    .018701   .2308169     0.08   0.936    -.4370758    .4744778
            div4 |  -.1088577   .2267494    -0.48   0.632    -.5566027    .3388872
            div5 |  -.1831041   .2110412    -0.87   0.387    -.5998312     .233623
            div6 |  -.3105338   .2087486    -1.49   0.139    -.7227338    .1016663
            div7 |  -.3744545   .1961446    -1.91   0.058    -.7617664    .0128575
            div8 |  -.1985603   .1557937    -1.27   0.204    -.5061943    .1090737
            div9 |          0  (omitted)
           _cons |  -2.249469   3.662108    -0.61   0.540    -9.480758     4.98182
----------------------------------------------------------------------------------
revision/tableA8_c.tex
revision/tableA8_c.xls
dir : seeout
(24 missing values generated)
(3 missing values generated)

Linear regression                               Number of obs     =        171
                                                F(1, 169)         =     268.22
                                                Prob > F          =     0.0000
                                                R-squared         =     0.5733
                                                Root MSE          =     .67013

------------------------------------------------------------------------------
             |               Robust
       l_vmt | Coefficient  std. err.      t    P>|t|     [95% conf. interval]
-------------+----------------------------------------------------------------
        l_ln |   1.054532    .064389    16.38   0.000     .9274215    1.181642
       _cons |   5.682618   .4235856    13.42   0.000     4.846418    6.518819
------------------------------------------------------------------------------
revision/tableA8_d.tex
revision/tableA8_d.xls
dir : seeout

Linear regression                               Number of obs     =        171
                                                F(2, 168)         =     149.50
                                                Prob > F          =     0.0000
                                                R-squared         =     0.5993
                                                Root MSE          =     .65131

------------------------------------------------------------------------------
             |               Robust
       l_vmt | Coefficient  std. err.      t    P>|t|     [95% conf. interval]
-------------+----------------------------------------------------------------
        l_ln |   .8607008    .094534     9.10   0.000     .6740733    1.047328
       l_pop |   .1891828   .0599924     3.15   0.002     .0707466     .307619
       _cons |    4.46776   .5369866     8.32   0.000     3.407649    5.527871
------------------------------------------------------------------------------
revision/tableA8_d.tex
revision/tableA8_d.xls
dir : seeout
note: div1 omitted because of collinearity.

Linear regression                               Number of obs     =        171
                                                F(15, 155)        =      50.50
                                                Prob > F          =     0.0000
                                                R-squared         =     0.7198
                                                Root MSE          =     .56707

----------------------------------------------------------------------------------
                 |               Robust
           l_vmt | Coefficient  std. err.      t    P>|t|     [95% conf. interval]
-----------------+----------------------------------------------------------------
            l_ln |   .9978356   .0808063    12.35   0.000      .838212    1.157459
           l_pop |   .0881176   .0665961     1.32   0.188    -.0434355    .2196707
elevat_range_msa |  -.0615956   .1231648    -0.50   0.618    -.3048938    .1817026
  ruggedness_msa |   6.335439   5.601629     1.13   0.260    -4.729947    17.40082
      heating_dd |  -.0356328    .008512    -4.19   0.000    -.0524473   -.0188183
      cooling_dd |  -.0589058   .0190098    -3.10   0.002    -.0964575   -.0213542
          sprawl |   .0082633   .0074171     1.11   0.267    -.0063882    .0229149
            div1 |          0  (omitted)
            div2 |   .5977966   .1353904     4.42   0.000     .3303482     .865245
            div3 |   .7911603   .1583356     5.00   0.000     .4783863    1.103934
            div4 |   .9077926   .1557402     5.83   0.000     .6001453     1.21544
            div5 |   .3200163    .232779     1.37   0.171    -.1398123    .7798449
            div6 |   .2047707   .2607491     0.79   0.433    -.3103097    .7198512
            div7 |   .6624952   .2484097     2.67   0.008     .1717899      1.1532
            div8 |   .2015245   .2819087     0.71   0.476    -.3553543    .7584034
            div9 |   .1528579     .44859     0.34   0.734     -.733281    1.038997
           _cons |   6.474466   1.168946     5.54   0.000     4.165346    8.783586
----------------------------------------------------------------------------------
revision/tableA8_d.tex
revision/tableA8_d.xls
dir : seeout
note: div1 omitted because of collinearity.

Linear regression                               Number of obs     =        171
                                                F(26, 144)        =      29.86
                                                Prob > F          =     0.0000
                                                R-squared         =     0.7389
                                                Root MSE          =     .56789

----------------------------------------------------------------------------------
                 |               Robust
           l_vmt | Coefficient  std. err.      t    P>|t|     [95% conf. interval]
-----------------+----------------------------------------------------------------
            l_ln |   .9858425   .0833239    11.83   0.000     .8211466    1.150538
           l_pop |   1.025336   .6465946     1.59   0.115    -.2527072    2.303378
elevat_range_msa |  -.0175387   .1515679    -0.12   0.908     -.317124    .2820466
  ruggedness_msa |   2.995335   6.547708     0.46   0.648    -9.946702    15.93737
      heating_dd |  -.0372098   .0095903    -3.88   0.000    -.0561657   -.0182539
      cooling_dd |  -.0673793   .0223252    -3.02   0.003    -.1115068   -.0232519
          sprawl |   .0033936   .0079179     0.43   0.669    -.0122567     .019044
   S_somecollege |  -.0593229   1.037395    -0.06   0.954    -2.109813    1.991167
   l_mean_income |   .5745767   .7915166     0.73   0.469    -.9899152    2.139069
  seg1980_ghetto |   .2037928   .1227809     1.66   0.099     -.038893    .4464785
          S_poor |   2.077909   1.206538     1.72   0.087    -.3069047    4.462722
         S_manuf |   .0265706   .5457548     0.05   0.961    -1.052155    1.105296
         l_pop70 |  -1.421111   1.045558    -1.36   0.176    -3.487736    .6455127
         l_pop60 |   .6301442   .9669091     0.65   0.516    -1.281024    2.541312
         l_pop50 |  -.8099591   .7174222    -1.13   0.261    -2.227998    .6080797
         l_pop40 |   1.137012     .74173     1.53   0.127    -.3290727    2.603097
         l_pop30 |  -.7054415   .5972658    -1.18   0.240    -1.885982    .4750993
         l_pop20 |    .223545   .3254652     0.69   0.493    -.4197614    .8668515
            div1 |          0  (omitted)
            div2 |   .6102648   .1595858     3.82   0.000     .2948314    .9256982
            div3 |   .7773821   .1793312     4.33   0.000     .4229206    1.131844
            div4 |   .8911965    .187704     4.75   0.000     .5201855    1.262207
            div5 |    .266863     .25066     1.06   0.289    -.2285853    .7623112
            div6 |   .0439691   .2905519     0.15   0.880    -.5303286    .6182667
            div7 |   .5367231   .2901077     1.85   0.066    -.0366967    1.110143
            div8 |   .0921405   .3320797     0.28   0.782      -.56424     .748521
            div9 |   .1413695    .471888     0.30   0.765    -.7913524    1.074092
           _cons |   .8104302   7.510168     0.11   0.914    -14.03398    15.65484
----------------------------------------------------------------------------------
revision/tableA8_d.tex
revision/tableA8_d.xls
dir : seeout
(14 missing values generated)

Linear regression                               Number of obs     =        181
                                                F(1, 179)         =     289.56
                                                Prob > F          =     0.0000
                                                R-squared         =     0.5988
                                                Root MSE          =     .70282

------------------------------------------------------------------------------
             |               Robust
       l_vmt | Coefficient  std. err.      t    P>|t|     [95% conf. interval]
-------------+----------------------------------------------------------------
        l_ln |   1.086657    .063859    17.02   0.000     .9606437     1.21267
       _cons |   5.922169   .4021259    14.73   0.000     5.128652    6.715686
------------------------------------------------------------------------------
revision/tableA8_d.tex
revision/tableA8_d.xls
dir : seeout

Linear regression                               Number of obs     =        181
                                                F(2, 178)         =     160.81
                                                Prob > F          =     0.0000
                                                R-squared         =     0.6181
                                                Root MSE          =     .68759

------------------------------------------------------------------------------
             |               Robust
       l_vmt | Coefficient  std. err.      t    P>|t|     [95% conf. interval]
-------------+----------------------------------------------------------------
        l_ln |    .943863   .0902116    10.46   0.000     .7658411    1.121885
       l_pop |   .1626214   .0598572     2.72   0.007     .0445003    .2807425
       _cons |   4.696763   .5520895     8.51   0.000      3.60728    5.786246
------------------------------------------------------------------------------
revision/tableA8_d.tex
revision/tableA8_d.xls
dir : seeout
note: div9 omitted because of collinearity.

Linear regression                               Number of obs     =        181
                                                F(15, 165)        =      38.41
                                                Prob > F          =     0.0000
                                                R-squared         =     0.7321
                                                Root MSE          =     .59822

----------------------------------------------------------------------------------
                 |               Robust
           l_vmt | Coefficient  std. err.      t    P>|t|     [95% conf. interval]
-----------------+----------------------------------------------------------------
            l_ln |   1.030416   .0825045    12.49   0.000     .8675154    1.193317
           l_pop |   .0751013   .0632968     1.19   0.237    -.0498747    .2000774
elevat_range_msa |  -.0558815   .1154921    -0.48   0.629    -.2839144    .1721515
  ruggedness_msa |   4.519259   5.189411     0.87   0.385    -5.726951    14.76547
      heating_dd |  -.0416311   .0081995    -5.08   0.000    -.0578206   -.0254416
      cooling_dd |  -.0832052   .0213638    -3.89   0.000    -.1253868   -.0410237
          sprawl |   .0071567   .0056927     1.26   0.210    -.0040833    .0183967
            div1 |   .3102271   .3872898     0.80   0.424    -.4544555     1.07491
            div2 |   .5020267   .4070976     1.23   0.219    -.3017653    1.305819
            div3 |   .7937203   .3818951     2.08   0.039     .0396892    1.547752
            div4 |   .7921443   .3806329     2.08   0.039     .0406053    1.543683
            div5 |    .340842   .3413293     1.00   0.319    -.3330942    1.014778
            div6 |   .5085066   .3541098     1.44   0.153    -.1906638    1.207677
            div7 |   .2854308   .3758489     0.76   0.449    -.4566625    1.027524
            div8 |   .1335013   .2568342     0.52   0.604    -.3736038    .6406064
            div9 |          0  (omitted)
           _cons |   7.590798   .9281375     8.18   0.000     5.758241    9.423354
----------------------------------------------------------------------------------
revision/tableA8_d.tex
revision/tableA8_d.xls
dir : seeout
note: div9 omitted because of collinearity.

Linear regression                               Number of obs     =        181
                                                F(27, 153)        =      27.41
                                                Prob > F          =     0.0000
                                                R-squared         =     0.7680
                                                Root MSE          =     .57803

----------------------------------------------------------------------------------
                 |               Robust
           l_vmt | Coefficient  std. err.      t    P>|t|     [95% conf. interval]
-----------------+----------------------------------------------------------------
            l_ln |    .997596   .0890474    11.20   0.000     .8216748    1.173517
           l_pop |   .2980066   .6892197     0.43   0.666    -1.063609    1.659622
elevat_range_msa |  -.0170106   .1212772    -0.14   0.889    -.2566047    .2225835
  ruggedness_msa |   3.649606   5.914456     0.62   0.538    -8.034937    15.33415
      heating_dd |  -.0358788   .0083818    -4.28   0.000    -.0524378   -.0193197
      cooling_dd |  -.0651001   .0211362    -3.08   0.002    -.1068565   -.0233437
          sprawl |  -.0021697   .0057176    -0.38   0.705    -.0134654     .009126
   S_somecollege |  -.3379185   1.148841    -0.29   0.769    -2.607558    1.931721
   l_mean_income |   .4509151   .9310566     0.48   0.629    -1.388471    2.290302
  seg1980_ghetto |   .1436328   .1203124     1.19   0.234    -.0940554    .3813209
          S_poor |   2.641303   1.730746     1.53   0.129    -.7779431    6.060548
         S_manuf |   1.014951   .8134635     1.25   0.214    -.5921192    2.622022
         l_pop80 |  -.0310971   1.335291    -0.02   0.981    -2.669085    2.606891
         l_pop70 |  -.6527416   1.186795    -0.55   0.583    -2.997363    1.691879
         l_pop60 |   .5950717   .9426554     0.63   0.529    -1.267229    2.457372
         l_pop50 |  -.5486311   .6465043    -0.85   0.397    -1.825859    .7285965
         l_pop40 |   .6651418   .5482602     1.21   0.227    -.4179956    1.748279
         l_pop30 |  -1.143231   .5928766    -1.93   0.056    -2.314513    .0280499
         l_pop20 |   .9143837   .2721315     3.36   0.001     .3767634    1.452004
            div1 |   .0298613   .4082504     0.07   0.942    -.7766742    .8363968
            div2 |   .1658982   .4290292     0.39   0.700    -.6816878    1.013484
            div3 |   .4534623   .4070905     1.11   0.267    -.3507817    1.257706
            div4 |   .4449548   .3950929     1.13   0.262    -.3355868    1.225496
            div5 |    .174021   .3453813     0.50   0.615     -.508311     .856353
            div6 |   .1737025   .3717251     0.47   0.641     -.560674     .908079
            div7 |  -.0291117   .3585018    -0.08   0.935    -.7373645    .6791411
            div8 |  -.0369499   .2775008    -0.13   0.894    -.5851777    .5112779
            div9 |          0  (omitted)
           _cons |   2.865231   8.914832     0.32   0.748    -14.74682    20.47729
----------------------------------------------------------------------------------
revision/tableA8_d.tex
revision/tableA8_d.xls
dir : seeout
(19 missing values generated)
(1 missing value generated)

Linear regression                               Number of obs     =        177
                                                F(1, 175)         =     273.76
                                                Prob > F          =     0.0000
                                                R-squared         =     0.5763
                                                Root MSE          =     .73608

------------------------------------------------------------------------------
             |               Robust
       l_vmt | Coefficient  std. err.      t    P>|t|     [95% conf. interval]
-------------+----------------------------------------------------------------
        l_ln |    1.05582    .063812    16.55   0.000     .9298796     1.18176
       _cons |   6.452069    .409358    15.76   0.000     5.644155    7.259983
------------------------------------------------------------------------------
revision/tableA8_d.tex
revision/tableA8_d.xls
dir : seeout

Linear regression                               Number of obs     =        177
                                                F(2, 174)         =     206.05
                                                Prob > F          =     0.0000
                                                R-squared         =     0.6230
                                                Root MSE          =     .69639

------------------------------------------------------------------------------
             |               Robust
       l_vmt | Coefficient  std. err.      t    P>|t|     [95% conf. interval]
-------------+----------------------------------------------------------------
        l_ln |   .8525864   .0815884    10.45   0.000     .6915561    1.013617
       l_pop |   .2477705   .0561022     4.42   0.000     .1370422    .3584988
       _cons |   4.461951    .528391     8.44   0.000      3.41907    5.504832
------------------------------------------------------------------------------
revision/tableA8_d.tex
revision/tableA8_d.xls
dir : seeout
note: div9 omitted because of collinearity.

Linear regression                               Number of obs     =        177
                                                F(15, 161)        =      33.51
                                                Prob > F          =     0.0000
                                                R-squared         =     0.6971
                                                Root MSE          =     .64892

----------------------------------------------------------------------------------
                 |               Robust
           l_vmt | Coefficient  std. err.      t    P>|t|     [95% conf. interval]
-----------------+----------------------------------------------------------------
            l_ln |   .8924653   .0890406    10.02   0.000     .7166271    1.068303
           l_pop |    .231312   .0727837     3.18   0.002     .0875783    .3750458
elevat_range_msa |   -.080022   .1162043    -0.69   0.492    -.3095032    .1494591
  ruggedness_msa |   10.67033   7.458346     1.43   0.154     -4.05847    25.39913
      heating_dd |  -.0182087   .0090902    -2.00   0.047      -.03616   -.0002574
      cooling_dd |  -.0129727   .0229115    -0.57   0.572    -.0582185    .0322732
          sprawl |   .0121574   .0081606     1.49   0.138    -.0039582    .0282729
            div1 |  -.3148931   .4959721    -0.63   0.526    -1.294343    .6645566
            div2 |   .2673443   .3976357     0.67   0.502      -.51791    1.052599
            div3 |   .5359812   .3785531     1.42   0.159    -.2115885    1.283551
            div4 |   .2338984   .4052143     0.58   0.565    -.5663221    1.034119
            div5 |   -.068644   .3678903    -0.19   0.852    -.7951568    .6578688
            div6 |  -.0659574   .3850034    -0.17   0.864    -.8262652    .6943504
            div7 |   .1711755   .4217182     0.41   0.685    -.6616369    1.003988
            div8 |   .0451533   .2571892     0.18   0.861    -.4627461    .5530526
            div9 |          0  (omitted)
           _cons |   4.723639   1.333083     3.54   0.001     2.091056    7.356222
----------------------------------------------------------------------------------
revision/tableA8_d.tex
revision/tableA8_d.xls
dir : seeout
note: div9 omitted because of collinearity.

Linear regression                               Number of obs     =        177
                                                F(28, 148)        =      18.62
                                                Prob > F          =     0.0000
                                                R-squared         =     0.7365
                                                Root MSE          =     .63127

----------------------------------------------------------------------------------
                 |               Robust
           l_vmt | Coefficient  std. err.      t    P>|t|     [95% conf. interval]
-----------------+----------------------------------------------------------------
            l_ln |   .8876326   .1021361     8.69   0.000     .6857992    1.089466
           l_pop |  -.7856317   1.292061    -0.61   0.544    -3.338903     1.76764
elevat_range_msa |  -.0987034   .1281589    -0.77   0.442     -.351961    .1545543
  ruggedness_msa |   8.419098    7.91952     1.06   0.289    -7.230844    24.06904
      heating_dd |   -.017037   .0101675    -1.68   0.096    -.0371293    .0030552
      cooling_dd |  -.0100629   .0277717    -0.36   0.718    -.0649432    .0448175
          sprawl |   .0025545   .0075809     0.34   0.737    -.0124262    .0175352
   S_somecollege |  -1.202269   .9302476    -1.29   0.198    -3.040552    .6360141
   l_mean_income |  -.1342656   .8656319    -0.16   0.877     -1.84486    1.576329
  seg1980_ghetto |   .0118143   .1415891     0.08   0.934    -.2679831    .2916118
          S_poor |  -2.602669   2.029192    -1.28   0.202    -6.612602    1.407263
         S_manuf |    .726154   1.054601     0.69   0.492    -1.357867    2.810175
         l_pop90 |   1.631371   2.135238     0.76   0.446    -2.588121    5.850863
         l_pop80 |   .1036765   1.456037     0.07   0.943    -2.773631    2.980984
         l_pop70 |   .7301502   1.453919     0.50   0.616    -2.142971    3.603271
         l_pop60 |  -2.559863   1.522299    -1.68   0.095    -5.568112    .4483865
         l_pop50 |   1.007206   .8967418     1.12   0.263    -.7648653    2.779278
         l_pop40 |   .3035983   .6597701     0.46   0.646    -1.000188    1.607385
         l_pop30 |  -.6495356   .4906666    -1.32   0.188    -1.619153    .3200817
         l_pop20 |   .4332491   .2915624     1.49   0.139    -.1429139    1.009412
            div1 |  -.5163147    .585818    -0.88   0.380    -1.673963    .6413334
            div2 |   .0084319   .5131707     0.02   0.987    -1.005656     1.02252
            div3 |   .2898549   .4835031     0.60   0.550    -.6656066    1.245316
            div4 |   .0056402   .4912833     0.01   0.991    -.9651958    .9764763
            div5 |  -.2010336    .417865    -0.48   0.631    -1.026786    .6247188
            div6 |  -.1660859   .4468818    -0.37   0.711    -1.049179    .7170073
            div7 |   .0555829   .4585044     0.12   0.904    -.8504779    .9616437
            div8 |   .0164552   .2962862     0.06   0.956    -.5690427    .6019531
            div9 |          0  (omitted)
           _cons |   7.755271   8.144042     0.95   0.343    -8.338353     23.8489
----------------------------------------------------------------------------------
revision/tableA8_d.tex
revision/tableA8_d.xls
dir : seeout
. 
.         log close
      name:  <unnamed>
       log:  C:\Users\USUARIO\OneDrive - Universidad de los Andes\Uniandes\Urban Economics\Proyecto\Revised-reproduction-package-for-Duranton-G.-Turn
> er-M.-A.-2011-\Deliverable_1\Data_original\revision/tableA8.log
  log type:  text
 closed on:  29 May 2022, 23:26:19
-----------------------------------------------------------------------------------------------------------------------------------------------------
