.         use $data,clear
. 
.         * Generate non urbanised area variables
.         gen l_ln_km_IHNU_83  = ln(ln_km_IH_83 - ln_km_IHU_83)
(50 missing values generated)
.         gen l_rd_km_IHNU_83  = ln(rd_km_IH_83 - rd_km_IHU_83)
(50 missing values generated)
.         gen l_vmt_IHNU_83 = ln(vmt_IH_83 - vmt_IHU_83)
(50 missing values generated)
.         gen l_ln_km_IHNU_93  = ln(ln_km_IH_93 - ln_km_IHU_93)
(39 missing values generated)
.         gen l_rd_km_IHNU_93  = ln(rd_km_IH_93 - rd_km_IHU_93)
(39 missing values generated)
.         gen l_vmt_IHNU_93 = ln(vmt_IH_93 - vmt_IHU_93)
(39 missing values generated)
.         gen l_ln_km_IHNU_03  = ln(ln_km_IH_03 - ln_km_IHU_03)
(38 missing values generated)
.         gen l_rd_km_IHNU_03  = ln(rd_km_IH_03 - rd_km_IHU_03)
(38 missing values generated)
.         gen l_vmt_IHNU_03 = ln(vmt_IH_03 - vmt_IHU_03)
(38 missing values generated)
. 
.         * Selection of observations
.         drop if l_ln_km_IH_83==0
(47 observations deleted)
.         gen zero = min(l_ln_km_IH_83,l_ln_km_IH_93,l_ln_km_IHU_83,l_ln_km_IHU_93,l_ln_km_MRU_83,l_ln_km_MRU_93,l_ln_km_IHNU_83,l_ln_km_IHNU_93)
. 
.         rename sprawl_1992 sprawl93
.         rename sprawl_1976 sprawl83
.         gen sprawl03 = sprawl93
. 
.         *rescale so display is better
.         replace elevat_range_msa = elevat_range_msa/1000 
variable elevat_range_msa was int now float
(228 real changes made)
.         replace ruggedness_msa = ruggedness_msa/1000
(228 real changes made)
.         replace heating_dd = heating_dd/100
(228 real changes made)
.         replace cooling_dd = cooling_dd/100
(228 real changes made)
. 
.         local instruct "tex tdec(2) rdec(2) auto(2) symbol($^a$,$^b$,$^c$) se " 
. 
.         local geography  "elevat_range_msa ruggedness_msa heating_dd cooling_dd sprawl"
.         local demographics "S_somecollege l_mean_income seg1980_ghetto S_poor S_manuf"  
.         local census_div "div1 div2 div3 div4 div5 div6 div7 div8 div9"
. 
.         local k=1
.         while `k'<=3{
  2.                 if `k'==1{
  3.                         local R "IHU"
  4.                         local S "IHNU"
  5.                         local T "MRU"
  6.                         local V "A11_a"
  7.                         local cond "if zero>0"
  8.                         }
  9.                 if `k'==2{
 10.                         local R "IHNU"
 11.                         local S "IHU"
 12.                         local T "MRU"
 13.                         local V "A11_c"
 14.                         local cond "if zero>0"
 15.                         }
 16.                 if `k'==3{
 17.                         local R "MRU"
 18.                         local S "IHU"
 19.                         local T "IHNU"
 20.                         local V "A11_b"
 21.                         local cond "if zero>0"
 22.                         }
 23. 
.         local i=0
 24.         local j=1
 25.         while `j'<=3{
 26.                 if `j'==1{
 27.                         local year "1983"
 28.                         local yrMM "83"
 29.                         local yrXX "80"
 30.                         local yrbus "84"
 31.                         local population "l_pop70 l_pop60 l_pop50 l_pop40 l_pop30 l_pop20"  
 32.                         }
 33.                 if `j'==2{
 34.                         local year "1993"
 35.                         local yrMM "93"
 36.                         local yrXX "90"
 37.                         local yrbus "94"
 38.                         local population "l_pop80 l_pop70 l_pop60 l_pop50 l_pop40 l_pop30 l_pop20"  
 39.                         }
 40.                 if `j'==3{
 41.                         local year "2003"
 42.                         local yrMM "03"
 43.                         local yrXX "00"
 44.                         local yrbus "04"
 45.                         local population "l_pop90 l_pop80 l_pop70 l_pop60 l_pop50 l_pop40 l_pop30 l_pop20"  
 46.                         }
 47.                 capture drop l_pop l_vmt l_ln l_ln2 l_ln3 l_max_bus sprawl l_transit l_mean_income S_somecollege S_poor S_manuf
 48.                 gen l_pop       = l_pop`yrXX' 
 49.                 gen sprawl      = sprawl`yrMM' 
 50.                 gen l_mean_income = l_mean_income_`yrXX' 
 51.                 gen S_somecollege = S_somecollege_`yrXX' 
 52.                 gen S_poor      = S_poor_`yrXX' 
 53.                 gen S_manuf     = S_manuf`yrMM' 
 54.                 gen l_vmt = l_vmt_`R'_`yrMM' 
 55.                 gen l_ln  = l_ln_km_`R'_`yrMM' 
 56.                 gen l_ln2  = l_ln_km_`S'_`yrMM' 
 57.                 gen l_ln3  = l_ln_km_`T'_`yrMM' 
 58.                 gen l_max_bus   = l_max_`yrbus'bus
 59.                 gen l_transit   = l_transit`yrbus'
 60.                 
.                 local i= `i'+1
 61.                 reg   l_vmt l_ln l_ln2 l_ln3 `cond',robust  
 62.                 if `i'==1{
 63.                 outreg2 l_ln l_ln2 l_ln3 using revision/table`V'.xls,ctitle(`R'`yrMM')  `instruct' replace
 64.                 }
 65.                 if `i'>1{
 66.                 outreg2 l_ln l_ln2 l_ln3 using revision/table`V'.xls,ctitle(`R'`yrMM')  `instruct' append
 67.                 }
 68. 
.                 local i= `i'+1
 69.                 reg   l_vmt l_ln l_ln2 l_ln3 l_pop `cond', robust  
 70.                 outreg2 l_ln l_ln2 l_ln3 l_pop using revision/table`V'.xls,ctitle(`R'`yrMM')  `instruct' append 
 71. 
.                 local i= `i'+1
 72.                 reg    l_vmt l_ln l_ln2 l_ln3 l_pop  `geography' `census_div' `cond', robust  
 73.                 outreg2 l_ln l_ln2 l_ln3 l_pop  `geography' using revision/table`V'.xls,ctitle(`R'`yrMM')  `instruct' append 
 74.                 
.                 local i= `i'+1
 75.                 reg   l_vmt l_ln l_ln2 l_ln3 l_pop `geography' `demographics' `population' `census_div' `cond', robust  
 76.                 outreg2  l_ln l_ln2 l_ln3 l_pop  `geography' using revision/table`V'.xls,ctitle(`R'`yrMM')  `instruct' append 
 77. 
.               local j=`j'+1
 78.               }
 79. 
.         local k=`k'+1
 80.         }
(3 missing values generated)

Linear regression                               Number of obs     =        189
                                                F(3, 185)         =    1734.31
                                                Prob > F          =     0.0000
                                                R-squared         =     0.9574
                                                Root MSE          =     .38763

------------------------------------------------------------------------------
             |               Robust
       l_vmt | Coefficient  std. err.      t    P>|t|     [95% conf. interval]
-------------+----------------------------------------------------------------
        l_ln |    1.16902   .0358889    32.57   0.000     1.098216    1.239825
       l_ln2 |   .0035021   .0439176     0.08   0.937    -.0831416    .0901458
       l_ln3 |    .151116   .0475055     3.18   0.002     .0573938    .2448383
       _cons |   6.575881   .2619985    25.10   0.000     6.058992     7.09277
------------------------------------------------------------------------------
revision/tableA11_a.tex
revision/tableA11_a.xls
dir : seeout

Linear regression                               Number of obs     =        189
                                                F(4, 184)         =    1278.58
                                                Prob > F          =     0.0000
                                                R-squared         =     0.9648
                                                Root MSE          =     .35358

------------------------------------------------------------------------------
             |               Robust
       l_vmt | Coefficient  std. err.      t    P>|t|     [95% conf. interval]
-------------+----------------------------------------------------------------
        l_ln |   1.072591   .0341172    31.44   0.000      1.00528    1.139902
       l_ln2 |  -.0615053   .0395067    -1.56   0.121    -.1394496    .0164391
       l_ln3 |  -.0736763   .0517876    -1.42   0.157    -.1758501    .0284975
       l_pop |   .3909238    .065815     5.94   0.000     .2610747    .5207729
       _cons |   4.190624   .4881539     8.58   0.000     3.227526    5.153723
------------------------------------------------------------------------------
revision/tableA11_a.tex
revision/tableA11_a.xls
dir : seeout
note: div9 omitted because of collinearity.

Linear regression                               Number of obs     =        189
                                                F(17, 171)        =     457.42
                                                Prob > F          =     0.0000
                                                R-squared         =     0.9725
                                                Root MSE          =     .32422

----------------------------------------------------------------------------------
                 |               Robust
           l_vmt | Coefficient  std. err.      t    P>|t|     [95% conf. interval]
-----------------+----------------------------------------------------------------
            l_ln |   1.106774   .0341096    32.45   0.000     1.039444    1.174104
           l_ln2 |  -.0869505   .0387631    -2.24   0.026    -.1634663   -.0104348
           l_ln3 |  -.1140675   .0587251    -1.94   0.054    -.2299869    .0018519
           l_pop |   .4051091   .0610757     6.63   0.000     .2845498    .5256685
elevat_range_msa |   .0938274    .058425     1.61   0.110    -.0214996    .2091545
  ruggedness_msa |  -2.356653   3.578885    -0.66   0.511    -9.421137     4.70783
      heating_dd |  -.0036448   .0049069    -0.74   0.459    -.0133307     .006041
      cooling_dd |   .0078365   .0118325     0.66   0.509    -.0155201     .031193
          sprawl |   .0090237   .0041994     2.15   0.033     .0007345     .017313
            div1 |  -.0164358   .1972767    -0.08   0.934    -.4058469    .3729753
            div2 |  -.1583326   .1860345    -0.85   0.396    -.5255525    .2088873
            div3 |  -.0222236   .1848114    -0.12   0.904    -.3870291    .3425819
            div4 |  -.0164398   .1962325    -0.08   0.933    -.4037898    .3709102
            div5 |  -.1210373   .1800908    -0.67   0.502    -.4765245      .23445
            div6 |  -.2243323   .2018446    -1.11   0.268    -.6227601    .1740955
            div7 |   .0149618   .1853639     0.08   0.936    -.3509342    .3808579
            div8 |  -.0980772   .1572542    -0.62   0.534    -.4084866    .2123321
            div9 |          0  (omitted)
           _cons |   3.996887   .6219712     6.43   0.000     2.769157    5.224617
----------------------------------------------------------------------------------
revision/tableA11_a.tex
revision/tableA11_a.xls
dir : seeout
note: div9 omitted because of collinearity.

Linear regression                               Number of obs     =        189
                                                F(28, 160)        =     327.49
                                                Prob > F          =     0.0000
                                                R-squared         =     0.9764
                                                Root MSE          =     .31043

----------------------------------------------------------------------------------
                 |               Robust
           l_vmt | Coefficient  std. err.      t    P>|t|     [95% conf. interval]
-----------------+----------------------------------------------------------------
            l_ln |   1.106728   .0371022    29.83   0.000     1.033455    1.180001
           l_ln2 |  -.1041916   .0347643    -3.00   0.003    -.1728477   -.0355355
           l_ln3 |  -.1111335   .0571246    -1.95   0.053    -.2239489    .0016819
           l_pop |    1.13389   .3642551     3.11   0.002      .414522    1.853258
elevat_range_msa |   .1012001    .058886     1.72   0.088    -.0150939     .217494
  ruggedness_msa |  -2.092885   3.755684    -0.56   0.578    -9.509991    5.324221
      heating_dd |  -.0061002   .0050845    -1.20   0.232    -.0161416    .0039412
      cooling_dd |  -.0034737   .0127972    -0.27   0.786     -.028747    .0217996
          sprawl |   .0070212   .0046391     1.51   0.132    -.0021406     .016183
   S_somecollege |  -.0240212    .574669    -0.04   0.967    -1.158936    1.110894
   l_mean_income |   .0892124   .4350738     0.21   0.838    -.7700155    .9484404
  seg1980_ghetto |   .1181151   .0593536     1.99   0.048     .0008977    .2353326
          S_poor |   .3560599   .6598674     0.54   0.590    -.9471134    1.659233
         S_manuf |  -.4435396   .2687156    -1.65   0.101    -.9742265    .0871473
         l_pop70 |  -.6800401    .591271    -1.15   0.252    -1.847742     .487662
         l_pop60 |   .1093473   .5068849     0.22   0.829    -.8917005    1.110395
         l_pop50 |  -.1090259   .4786257    -0.23   0.820    -1.054264    .8362127
         l_pop40 |  -.4401063   .3604923    -1.22   0.224    -1.152043    .2718306
         l_pop30 |  -.0453616   .2844744    -0.16   0.874    -.6071705    .5164473
         l_pop20 |   .4174948   .1475397     2.83   0.005     .1261185    .7088711
            div1 |   .1099243   .2428811     0.45   0.651     -.369742    .5895905
            div2 |   .0297528   .2331759     0.13   0.899    -.4307465    .4902522
            div3 |   .1191774   .2357901     0.51   0.614    -.3464848    .5848396
            div4 |   .0948803   .2259629     0.42   0.675    -.3513742    .5411347
            div5 |  -.0166146   .2072027    -0.08   0.936    -.4258195    .3925904
            div6 |  -.1132225   .2290247    -0.49   0.622    -.5655238    .3390787
            div7 |     .15412   .1979678     0.78   0.437    -.2368468    .5450869
            div8 |  -.1626966   .1578442    -1.03   0.304    -.4744234    .1490301
            div9 |          0  (omitted)
           _cons |   3.604789   4.142557     0.87   0.386    -4.576354    11.78593
----------------------------------------------------------------------------------
revision/tableA11_a.tex
revision/tableA11_a.xls
dir : seeout

Linear regression                               Number of obs     =        192
                                                F(3, 188)         =    1844.42
                                                Prob > F          =     0.0000
                                                R-squared         =     0.9582
                                                Root MSE          =     .36565

------------------------------------------------------------------------------
             |               Robust
       l_vmt | Coefficient  std. err.      t    P>|t|     [95% conf. interval]
-------------+----------------------------------------------------------------
        l_ln |   1.060648   .0332242    31.92   0.000     .9951075    1.126188
       l_ln2 |  -.0477823   .0391924    -1.22   0.224    -.1250957     .029531
       l_ln3 |   .2640894   .0473072     5.58   0.000     .1707681    .3574106
       _cons |   6.888747   .2192654    31.42   0.000     6.456211    7.321284
------------------------------------------------------------------------------
revision/tableA11_a.tex
revision/tableA11_a.xls
dir : seeout

Linear regression                               Number of obs     =        192
                                                F(4, 187)         =    1462.37
                                                Prob > F          =     0.0000
                                                R-squared         =     0.9680
                                                Root MSE          =     .32084

------------------------------------------------------------------------------
             |               Robust
       l_vmt | Coefficient  std. err.      t    P>|t|     [95% conf. interval]
-------------+----------------------------------------------------------------
        l_ln |   .9821523   .0292516    33.58   0.000     .9244469    1.039858
       l_ln2 |  -.0945209    .031164    -3.03   0.003    -.1559991   -.0330427
       l_ln3 |  -.1675821   .0899909    -1.86   0.064      -.34511    .0099459
       l_pop |    .544392   .0938253     5.80   0.000     .3592999    .7294841
       _cons |   4.000917   .5683622     7.04   0.000     2.879691    5.122143
------------------------------------------------------------------------------
revision/tableA11_a.tex
revision/tableA11_a.xls
dir : seeout
note: div9 omitted because of collinearity.

Linear regression                               Number of obs     =        192
                                                F(17, 174)        =     518.74
                                                Prob > F          =     0.0000
                                                R-squared         =     0.9735
                                                Root MSE          =     .30272

----------------------------------------------------------------------------------
                 |               Robust
           l_vmt | Coefficient  std. err.      t    P>|t|     [95% conf. interval]
-----------------+----------------------------------------------------------------
            l_ln |   1.004991   .0292515    34.36   0.000     .9472576    1.062725
           l_ln2 |  -.0957983   .0287013    -3.34   0.001    -.1524459   -.0391507
           l_ln3 |  -.1401611   .0935407    -1.50   0.136    -.3247816    .0444594
           l_pop |   .4764033    .100108     4.76   0.000      .278821    .6739855
elevat_range_msa |   .0954014   .0534576     1.78   0.076    -.0101075    .2009102
  ruggedness_msa |   1.154411   3.278359     0.35   0.725    -5.316058    7.624881
      heating_dd |  -.0054468   .0043404    -1.25   0.211    -.0140135    .0031198
      cooling_dd |   .0011346   .0097153     0.12   0.907    -.0180404    .0203095
          sprawl |   .0028489    .003769     0.76   0.451    -.0045899    .0102877
            div1 |   .1631151   .1984998     0.82   0.412    -.2286622    .5548925
            div2 |  -.0303688   .1860504    -0.16   0.871    -.3975748    .3368372
            div3 |   .1944021   .1894695     1.03   0.306    -.1795523    .5683565
            div4 |   .1305428   .1910019     0.68   0.495     -.246436    .5075216
            div5 |   .1090927   .1728202     0.63   0.529    -.2320011    .4501865
            div6 |   .0780174   .1806721     0.43   0.666    -.2785736    .4346083
            div7 |  -.0592581   .1872177    -0.32   0.752    -.4287682     .310252
            div8 |  -.0200523   .1447782    -0.14   0.890    -.3057998    .2656951
            div9 |          0  (omitted)
           _cons |    4.51601   .7831155     5.77   0.000     2.970382    6.061638
----------------------------------------------------------------------------------
revision/tableA11_a.tex
revision/tableA11_a.xls
dir : seeout
note: div9 omitted because of collinearity.

Linear regression                               Number of obs     =        192
                                                F(29, 162)        =     339.50
                                                Prob > F          =     0.0000
                                                R-squared         =     0.9784
                                                Root MSE          =     .28324

----------------------------------------------------------------------------------
                 |               Robust
           l_vmt | Coefficient  std. err.      t    P>|t|     [95% conf. interval]
-----------------+----------------------------------------------------------------
            l_ln |   1.013214   .0336298    30.13   0.000     .9468045    1.079623
           l_ln2 |  -.1158237   .0283922    -4.08   0.000    -.1718902   -.0597572
           l_ln3 |  -.0809326   .0810268    -1.00   0.319    -.2409375    .0790723
           l_pop |   .6572161   .3498098     1.88   0.062    -.0335587    1.347991
elevat_range_msa |   .1037737   .0586707     1.77   0.079    -.0120842    .2196316
  ruggedness_msa |   .4857513   3.715008     0.13   0.896    -6.850334    7.821836
      heating_dd |  -.0073043   .0046053    -1.59   0.115    -.0163984    .0017898
      cooling_dd |  -.0006325   .0133552    -0.05   0.962    -.0270051    .0257401
          sprawl |   .0001034   .0038078     0.03   0.978    -.0074159    .0076228
   S_somecollege |   .6257286   .4684513     1.34   0.184    -.2993297    1.550787
   l_mean_income |   .0428243   .4101741     0.10   0.917    -.7671529    .8528016
  seg1980_ghetto |   .0710882   .0542962     1.31   0.192    -.0361314    .1783078
          S_poor |   .0153685   .7201797     0.02   0.983    -1.406782    1.437519
         S_manuf |   .1207601   .3277412     0.37   0.713    -.5264356    .7679558
         l_pop80 |   .2763065   .6261034     0.44   0.660    -.9600698    1.512683
         l_pop70 |  -.4411569   .6206508    -0.71   0.478    -1.666766     .784452
         l_pop60 |  -.0918835   .5323896    -0.17   0.863    -1.143202    .9594346
         l_pop50 |  -.3370944   .4279031    -0.79   0.432    -1.182081    .5078926
         l_pop40 |   .1847746   .3426721     0.54   0.590    -.4919054    .8614547
         l_pop30 |  -.2603017   .2873881    -0.91   0.366    -.8278116    .3072082
         l_pop20 |   .4030358   .1580244     2.55   0.012     .0909826     .715089
            div1 |   .1472792   .2314313     0.64   0.525    -.3097317    .6042902
            div2 |   .0435265   .2162651     0.20   0.841    -.3835356    .4705887
            div3 |   .2257472   .2233219     1.01   0.314    -.2152502    .6667445
            div4 |     .06386   .2247696     0.28   0.777    -.3799961    .5077162
            div5 |   .0806496   .2000008     0.40   0.687     -.314295    .4755943
            div6 |   .0508208      .2019     0.25   0.802    -.3478743    .4495159
            div7 |  -.0694618   .2126589    -0.33   0.744    -.4894028    .3504791
            div8 |  -.1365755   .1478161    -0.92   0.357    -.4284703    .1553193
            div9 |          0  (omitted)
           _cons |   4.796643   3.997856     1.20   0.232    -3.097986    12.69127
----------------------------------------------------------------------------------
revision/tableA11_a.tex
revision/tableA11_a.xls
dir : seeout
(1 missing value generated)

Linear regression                               Number of obs     =        191
                                                F(3, 187)         =    1960.47
                                                Prob > F          =     0.0000
                                                R-squared         =     0.9653
                                                Root MSE          =     .31962

------------------------------------------------------------------------------
             |               Robust
       l_vmt | Coefficient  std. err.      t    P>|t|     [95% conf. interval]
-------------+----------------------------------------------------------------
        l_ln |   1.000376   .0327217    30.57   0.000     .9358251    1.064927
       l_ln2 |  -.0376499   .0229889    -1.64   0.103    -.0830009     .007701
       l_ln3 |   .2920596   .0427639     6.83   0.000      .207698    .3764212
       _cons |   7.123441   .2095607    33.99   0.000     6.710034    7.536848
------------------------------------------------------------------------------
revision/tableA11_a.tex
revision/tableA11_a.xls
dir : seeout

Linear regression                               Number of obs     =        191
                                                F(4, 186)         =    1399.07
                                                Prob > F          =     0.0000
                                                R-squared         =     0.9751
                                                Root MSE          =     .27138

------------------------------------------------------------------------------
             |               Robust
       l_vmt | Coefficient  std. err.      t    P>|t|     [95% conf. interval]
-------------+----------------------------------------------------------------
        l_ln |   .9698193   .0297543    32.59   0.000       .91112    1.028519
       l_ln2 |   -.101025   .0212631    -4.75   0.000    -.1429729   -.0590772
       l_ln3 |  -.2436461   .0808969    -3.01   0.003    -.4032394   -.0840528
       l_pop |   .5924187   .0884323     6.70   0.000     .4179594    .7668781
       _cons |   4.313223   .5082389     8.49   0.000     3.310569    5.315877
------------------------------------------------------------------------------
revision/tableA11_a.tex
revision/tableA11_a.xls
dir : seeout
note: div9 omitted because of collinearity.

Linear regression                               Number of obs     =        191
                                                F(17, 173)        =     478.79
                                                Prob > F          =     0.0000
                                                R-squared         =     0.9790
                                                Root MSE          =     .25861

----------------------------------------------------------------------------------
                 |               Robust
           l_vmt | Coefficient  std. err.      t    P>|t|     [95% conf. interval]
-----------------+----------------------------------------------------------------
            l_ln |   .9860019   .0327005    30.15   0.000     .9214585    1.050545
           l_ln2 |  -.0985412    .022726    -4.34   0.000    -.1433972   -.0536853
           l_ln3 |  -.2086988   .0922622    -2.26   0.025    -.3908033   -.0265943
           l_pop |   .5265417   .0973938     5.41   0.000     .3343087    .7187748
elevat_range_msa |   .0547872   .0447277     1.22   0.222    -.0334951    .1430695
  ruggedness_msa |   1.444227   2.634916     0.55   0.584    -3.756496     6.64495
      heating_dd |  -.0066191   .0037216    -1.78   0.077    -.0139646    .0007265
      cooling_dd |  -.0050225   .0080171    -0.63   0.532    -.0208464    .0108013
          sprawl |   .0016811   .0033402     0.50   0.615    -.0049117     .008274
            div1 |   .1230929   .1702638     0.72   0.471    -.2129688    .4591546
            div2 |  -.0365509   .1488216    -0.25   0.806    -.3302907     .257189
            div3 |   .1601391   .1495935     1.07   0.286    -.1351243    .4554024
            div4 |   .1613747   .1512766     1.07   0.288    -.1372108    .4599602
            div5 |   .0862121   .1344847     0.64   0.522      -.17923    .3516542
            div6 |   .1043021   .1446404     0.72   0.472    -.1811851    .3897893
            div7 |   .0238745   .1346184     0.18   0.859    -.2418315    .2895805
            div8 |   -.007816   .1238424    -0.06   0.950    -.2522526    .2366205
            div9 |          0  (omitted)
           _cons |   4.959971   .6308931     7.86   0.000     3.714733     6.20521
----------------------------------------------------------------------------------
revision/tableA11_a.tex
revision/tableA11_a.xls
dir : seeout
note: div9 omitted because of collinearity.

Linear regression                               Number of obs     =        191
                                                F(30, 160)        =     394.26
                                                Prob > F          =     0.0000
                                                R-squared         =     0.9826
                                                Root MSE          =     .24473

----------------------------------------------------------------------------------
                 |               Robust
           l_vmt | Coefficient  std. err.      t    P>|t|     [95% conf. interval]
-----------------+----------------------------------------------------------------
            l_ln |   .9891725   .0346395    28.56   0.000     .9207629    1.057582
           l_ln2 |  -.0940918   .0209516    -4.49   0.000    -.1354692   -.0527145
           l_ln3 |  -.1139446   .0799783    -1.42   0.156    -.2718939    .0440047
           l_pop |   .5091714   .4588988     1.11   0.269    -.3971085    1.415451
elevat_range_msa |   .0413131   .0509346     0.81   0.419    -.0592778     .141904
  ruggedness_msa |   1.506968   3.053351     0.49   0.622    -4.523099    7.537035
      heating_dd |  -.0080747   .0040129    -2.01   0.046    -.0159999   -.0001495
      cooling_dd |  -.0077967   .0099534    -0.78   0.435    -.0274538    .0118603
          sprawl |   .0007361    .003234     0.23   0.820    -.0056508    .0071229
   S_somecollege |   .5681681    .373222     1.52   0.130    -.1689086    1.305245
   l_mean_income |  -.1336625   .3404435    -0.39   0.695    -.8060049    .5386798
  seg1980_ghetto |   .0693544   .0497206     1.39   0.165    -.0288388    .1675476
          S_poor |  -.5434396      .9806    -0.55   0.580    -2.480028    1.393149
         S_manuf |   .2923783   .4076638     0.72   0.474    -.5127176    1.097474
         l_pop90 |   .0344857   .7763582     0.04   0.965    -1.498745    1.567717
         l_pop80 |   .1540079   .6234495     0.25   0.805    -1.077244    1.385259
         l_pop70 |    .117215   .5620057     0.21   0.835    -.9926909    1.227121
         l_pop60 |  -.5366444   .4369515    -1.23   0.221    -1.399581    .3262919
         l_pop50 |   .0930926   .3394837     0.27   0.784    -.5773543    .7635396
         l_pop40 |  -.0811683   .2889342    -0.28   0.779    -.6517849    .4894483
         l_pop30 |  -.1085971   .2506286    -0.43   0.665    -.6035639    .3863697
         l_pop20 |   .2166493   .1154775     1.88   0.062    -.0114074    .4447061
            div1 |    .121168   .2200653     0.55   0.583    -.3134393    .5557754
            div2 |   .0442465     .19659     0.23   0.822    -.3439993    .4324923
            div3 |   .1616727   .2002326     0.81   0.421    -.2337669    .5571123
            div4 |    .112843   .1934595     0.58   0.561    -.2692205    .4949066
            div5 |   .0457379   .1807475     0.25   0.801    -.3112207    .4026965
            div6 |   .0719101   .1847801     0.39   0.698    -.2930123    .4368326
            div7 |    .055006   .1728259     0.32   0.751     -.286308    .3963201
            div8 |  -.0950219   .1331675    -0.71   0.477    -.3580147    .1679708
            div9 |          0  (omitted)
           _cons |   6.970538   3.203956     2.18   0.031     .6430397    13.29804
----------------------------------------------------------------------------------
revision/tableA11_a.tex
revision/tableA11_a.xls
dir : seeout
(3 missing values generated)
(3 missing values generated)

Linear regression                               Number of obs     =        189
                                                F(3, 185)         =     412.28
                                                Prob > F          =     0.0000
                                                R-squared         =     0.8482
                                                Root MSE          =     .41988

------------------------------------------------------------------------------
             |               Robust
       l_vmt | Coefficient  std. err.      t    P>|t|     [95% conf. interval]
-------------+----------------------------------------------------------------
        l_ln |   .8801374   .0451557    19.49   0.000      .791051    .9692237
       l_ln2 |   .1035992    .038347     2.70   0.008     .0279455     .179253
       l_ln3 |   .1392861   .0521114     2.67   0.008     .0364771    .2420951
       _cons |   7.279405   .2790198    26.09   0.000     6.728935    7.829875
------------------------------------------------------------------------------
revision/tableA11_c.tex
revision/tableA11_c.xls
dir : seeout

Linear regression                               Number of obs     =        189
                                                F(4, 184)         =     280.29
                                                Prob > F          =     0.0000
                                                R-squared         =     0.8671
                                                Root MSE          =     .39399

------------------------------------------------------------------------------
             |               Robust
       l_vmt | Coefficient  std. err.      t    P>|t|     [95% conf. interval]
-------------+----------------------------------------------------------------
        l_ln |   .8203623    .045684    17.96   0.000     .7302304    .9104942
       l_ln2 |   .0149312   .0395673     0.38   0.706    -.0631327    .0929952
       l_ln3 |   -.067413   .0497813    -1.35   0.177    -.1656285    .0308024
       l_pop |   .3594589   .0666535     5.39   0.000     .2279554    .4909624
       _cons |   5.086134   .5268927     9.65   0.000     4.046606    6.125662
------------------------------------------------------------------------------
revision/tableA11_c.tex
revision/tableA11_c.xls
dir : seeout
note: div9 omitted because of collinearity.

Linear regression                               Number of obs     =        189
                                                F(17, 171)        =     120.19
                                                Prob > F          =     0.0000
                                                R-squared         =     0.9074
                                                Root MSE          =     .34108

----------------------------------------------------------------------------------
                 |               Robust
           l_vmt | Coefficient  std. err.      t    P>|t|     [95% conf. interval]
-----------------+----------------------------------------------------------------
            l_ln |   .8432343   .0371591    22.69   0.000     .7698848    .9165838
           l_ln2 |   .0379881   .0378685     1.00   0.317    -.0367618     .112738
           l_ln3 |  -.0308745   .0546103    -0.57   0.573    -.1386716    .0769226
           l_pop |   .2707546   .0598816     4.52   0.000     .1525522     .388957
elevat_range_msa |   -.014916   .0680055    -0.22   0.827    -.1491544    .1193224
  ruggedness_msa |  -.1107178   3.816599    -0.03   0.977    -7.644432    7.422997
      heating_dd |   -.017557   .0043372    -4.05   0.000    -.0261184   -.0089956
      cooling_dd |  -.0249642   .0117731    -2.12   0.035    -.0482034   -.0017249
          sprawl |   .0106146   .0038638     2.75   0.007     .0029877    .0182415
            div1 |   .1960769   .2128661     0.92   0.358    -.2241067    .6162605
            div2 |   .1228824   .2024762     0.61   0.545    -.2767921     .522557
            div3 |   .3207069   .2086421     1.54   0.126    -.0911388    .7325527
            div4 |   .2344128   .2199955     1.07   0.288    -.1998437    .6686694
            div5 |    .066853   .1957913     0.34   0.733     -.319626     .453332
            div6 |  -.0621652   .2262546    -0.27   0.784    -.5087769    .3844465
            div7 |   .1465947   .2145059     0.68   0.495    -.2768258    .5700152
            div8 |  -.0051977   .1526932    -0.03   0.973     -.306604    .2962085
            div9 |          0  (omitted)
           _cons |   6.258544   .6131822    10.21   0.000     5.048163    7.468925
----------------------------------------------------------------------------------
revision/tableA11_c.tex
revision/tableA11_c.xls
dir : seeout
note: div9 omitted because of collinearity.

Linear regression                               Number of obs     =        189
                                                F(28, 160)        =      95.73
                                                Prob > F          =     0.0000
                                                R-squared         =     0.9201
                                                Root MSE          =     .32746

----------------------------------------------------------------------------------
                 |               Robust
           l_vmt | Coefficient  std. err.      t    P>|t|     [95% conf. interval]
-----------------+----------------------------------------------------------------
            l_ln |   .8263457   .0346126    23.87   0.000     .7579892    .8947022
           l_ln2 |   .0460428    .038488     1.20   0.233    -.0299672    .1220529
           l_ln3 |  -.0446795   .0559947    -0.80   0.426    -.1552636    .0659045
           l_pop |   .8859509   .4189512     2.11   0.036     .0585635    1.713338
elevat_range_msa |  -.0124065   .0617007    -0.20   0.841    -.1342592    .1094462
  ruggedness_msa |  -3.161442   3.487987    -0.91   0.366    -10.04987     3.72699
      heating_dd |  -.0196308   .0046113    -4.26   0.000    -.0287377    -.010524
      cooling_dd |  -.0323301   .0125991    -2.57   0.011    -.0572121   -.0074482
          sprawl |   .0093279   .0043735     2.13   0.034     .0006908     .017965
   S_somecollege |   .7901949   .6993398     1.13   0.260    -.5909324    2.171322
   l_mean_income |   .2457571   .4820118     0.51   0.611    -.7061689    1.197683
  seg1980_ghetto |   .1181719    .069003     1.71   0.089    -.0181023     .254446
          S_poor |   .9373301   .7202828     1.30   0.195    -.4851575    2.359818
         S_manuf |   .1582398   .2904073     0.54   0.587    -.4152861    .7317657
         l_pop70 |  -.3755603   .6655904    -0.56   0.573    -1.690036    .9389151
         l_pop60 |  -.1930923   .5423508    -0.36   0.722    -1.264182    .8779971
         l_pop50 |  -.4537616   .4262229    -1.06   0.289     -1.29551    .3879867
         l_pop40 |   .1794806    .409637     0.44   0.662    -.6295121    .9884733
         l_pop30 |   .0311732   .3000879     0.10   0.917     -.561471    .6238173
         l_pop20 |   .1812706   .1261272     1.44   0.153    -.0678182    .4303593
            div1 |   .1285796   .2358265     0.55   0.586    -.3371545    .5943137
            div2 |   .1422827   .2226435     0.64   0.524    -.2974164    .5819818
            div3 |      .2699   .2255343     1.20   0.233     -.175508     .715308
            div4 |   .1518005   .2197956     0.69   0.491    -.2822742    .5858752
            div5 |  -.0211652   .2013413    -0.11   0.916    -.4187944    .3764639
            div6 |  -.1563327   .2397814    -0.65   0.515    -.6298774    .3172121
            div7 |   .0931504   .2224696     0.42   0.676    -.3462051    .5325059
            div8 |  -.1360645   .1403952    -0.97   0.334    -.4133312    .1412022
            div9 |          0  (omitted)
           _cons |    3.93171   4.633052     0.85   0.397    -5.218112    13.08153
----------------------------------------------------------------------------------
revision/tableA11_c.tex
revision/tableA11_c.xls
dir : seeout

Linear regression                               Number of obs     =        192
                                                F(3, 188)         =     471.30
                                                Prob > F          =     0.0000
                                                R-squared         =     0.8363
                                                Root MSE          =     .42103

------------------------------------------------------------------------------
             |               Robust
       l_vmt | Coefficient  std. err.      t    P>|t|     [95% conf. interval]
-------------+----------------------------------------------------------------
        l_ln |   .8618507   .0402628    21.41   0.000     .7824257    .9412757
       l_ln2 |  -.0066705    .040031    -0.17   0.868    -.0856383    .0722972
       l_ln3 |   .2608944   .0569096     4.58   0.000      .148631    .3731578
       _cons |   7.376009   .2814605    26.21   0.000     6.820782    7.931235
------------------------------------------------------------------------------
revision/tableA11_c.tex
revision/tableA11_c.xls
dir : seeout

Linear regression                               Number of obs     =        192
                                                F(4, 187)         =     355.44
                                                Prob > F          =     0.0000
                                                R-squared         =     0.8706
                                                Root MSE          =     .37526

------------------------------------------------------------------------------
             |               Robust
       l_vmt | Coefficient  std. err.      t    P>|t|     [95% conf. interval]
-------------+----------------------------------------------------------------
        l_ln |   .8109086   .0362287    22.38   0.000     .7394391    .8823782
       l_ln2 |  -.0922254   .0384928    -2.40   0.018    -.1681613   -.0162895
       l_ln3 |  -.2095999   .0787723    -2.66   0.008    -.3649964   -.0542035
       l_pop |   .5933526   .0926892     6.40   0.000     .4105017    .7762034
       _cons |   4.228457   .6073996     6.96   0.000     3.030221    5.426693
------------------------------------------------------------------------------
revision/tableA11_c.tex
revision/tableA11_c.xls
dir : seeout
note: div9 omitted because of collinearity.

Linear regression                               Number of obs     =        192
                                                F(17, 174)        =     141.50
                                                Prob > F          =     0.0000
                                                R-squared         =     0.9129
                                                Root MSE          =     .31914

----------------------------------------------------------------------------------
                 |               Robust
           l_vmt | Coefficient  std. err.      t    P>|t|     [95% conf. interval]
-----------------+----------------------------------------------------------------
            l_ln |   .8402827   .0304407    27.60   0.000     .7802022    .9003631
           l_ln2 |  -.0765219   .0369061    -2.07   0.040    -.1493632   -.0036807
           l_ln3 |  -.0829042   .0804623    -1.03   0.304     -.241712    .0759036
           l_pop |   .4268799   .0917094     4.65   0.000     .2458739    .6078859
elevat_range_msa |   .0040679   .0656062     0.06   0.951    -.1254185    .1335542
  ruggedness_msa |  -.3480749   3.859781    -0.09   0.928    -7.966092    7.269942
      heating_dd |  -.0175921   .0048366    -3.64   0.000     -.027138   -.0080462
      cooling_dd |  -.0300985   .0127969    -2.35   0.020    -.0553557   -.0048413
          sprawl |   .0080915   .0036882     2.19   0.030     .0008121    .0153708
            div1 |   .2546082   .1955149     1.30   0.195     -.131278    .6404944
            div2 |    .077965   .1704321     0.46   0.648    -.2584155    .4143454
            div3 |   .3816946   .1737433     2.20   0.029     .0387789    .7246103
            div4 |   .2908752   .1969136     1.48   0.141    -.0977716     .679522
            div5 |    .226649    .161282     1.41   0.162    -.0916719      .54497
            div6 |   .1540593   .1737396     0.89   0.376     -.188849    .4969676
            div7 |   .0869996   .1895358     0.46   0.647    -.2870855    .4610848
            div8 |   .0052442   .1273351     0.04   0.967    -.2460761    .2565644
            div9 |          0  (omitted)
           _cons |   5.793403   .7721128     7.50   0.000     4.269491    7.317316
----------------------------------------------------------------------------------
revision/tableA11_c.tex
revision/tableA11_c.xls
dir : seeout
note: div9 omitted because of collinearity.

Linear regression                               Number of obs     =        192
                                                F(29, 162)        =     105.39
                                                Prob > F          =     0.0000
                                                R-squared         =     0.9326
                                                Root MSE          =     .29093

----------------------------------------------------------------------------------
                 |               Robust
           l_vmt | Coefficient  std. err.      t    P>|t|     [95% conf. interval]
-----------------+----------------------------------------------------------------
            l_ln |    .828143   .0283718    29.19   0.000     .7721168    .8841691
           l_ln2 |  -.0599556   .0380469    -1.58   0.117    -.1350875    .0151762
           l_ln3 |    .019417   .0791774     0.25   0.807    -.1369359    .1757699
           l_pop |   .7288387   .3832472     1.90   0.059    -.0279657    1.485643
elevat_range_msa |  -.0178606   .0583565    -0.31   0.760    -.1330982    .0973769
  ruggedness_msa |  -1.191033   3.355968    -0.35   0.723    -7.818117    5.436051
      heating_dd |  -.0192901   .0044361    -4.35   0.000    -.0280501   -.0105301
      cooling_dd |  -.0306389    .011901    -2.57   0.011    -.0541399   -.0071378
          sprawl |   .0078687   .0037913     2.08   0.040      .000382    .0153554
   S_somecollege |   .7054509   .5646607     1.25   0.213    -.4095934    1.820495
   l_mean_income |  -.1403332   .4459184    -0.31   0.753    -1.020895    .7402288
  seg1980_ghetto |   .0844493   .0570687     1.48   0.141    -.0282452    .1971438
          S_poor |  -.4582327   .9083354    -0.50   0.615    -2.251937    1.335472
         S_manuf |   .1360757   .3430034     0.40   0.692    -.5412586      .81341
         l_pop80 |  -.3926495   .6958641    -0.56   0.573    -1.766783    .9814843
         l_pop70 |   .6718261   .6269617     1.07   0.286    -.5662451    1.909897
         l_pop60 |  -.9831374   .5109778    -1.92   0.056    -1.992173    .0258986
         l_pop50 |   .0054934   .3620833     0.02   0.988    -.7095182    .7205051
         l_pop40 |  -.1263303   .3392234    -0.37   0.710    -.7962001    .5435395
         l_pop30 |   .1097662   .3100798     0.35   0.724    -.5025534    .7220858
         l_pop20 |   .2606304   .1408941     1.85   0.066    -.0175954    .5388561
            div1 |    .093059   .2230346     0.42   0.677     -.347371    .5334889
            div2 |   .0378119   .1905491     0.20   0.843    -.3384685    .4140923
            div3 |    .271133   .2011409     1.35   0.180    -.1260632    .6683291
            div4 |   .1054977   .1899045     0.56   0.579    -.2695097    .4805052
            div5 |     .07502    .167944     0.45   0.656    -.2566216    .4066616
            div6 |   .0183678   .1851433     0.10   0.921    -.3472376    .3839733
            div7 |    .005097   .1867539     0.03   0.978    -.3636889    .3738828
            div8 |  -.1066498   .1192512    -0.89   0.372     -.342137    .1288373
            div9 |          0  (omitted)
           _cons |   8.353256   4.335599     1.93   0.056    -.2083194    16.91483
----------------------------------------------------------------------------------
revision/tableA11_c.tex
revision/tableA11_c.xls
dir : seeout
(1 missing value generated)
(1 missing value generated)

Linear regression                               Number of obs     =        191
                                                F(3, 187)         =     568.34
                                                Prob > F          =     0.0000
                                                R-squared         =     0.8608
                                                Root MSE          =     .40524

------------------------------------------------------------------------------
             |               Robust
       l_vmt | Coefficient  std. err.      t    P>|t|     [95% conf. interval]
-------------+----------------------------------------------------------------
        l_ln |   .8735527   .0333476    26.20   0.000     .8077668    .9393386
       l_ln2 |  -.0331963   .0473968    -0.70   0.485    -.1266974    .0603048
       l_ln3 |   .2955153   .0588528     5.02   0.000     .1794146    .4116159
       _cons |   7.396236   .2796573    26.45   0.000     6.844548    7.947925
------------------------------------------------------------------------------
revision/tableA11_c.tex
revision/tableA11_c.xls
dir : seeout

Linear regression                               Number of obs     =        191
                                                F(4, 186)         =     496.31
                                                Prob > F          =     0.0000
                                                R-squared         =     0.8886
                                                Root MSE          =     .36343

------------------------------------------------------------------------------
             |               Robust
       l_vmt | Coefficient  std. err.      t    P>|t|     [95% conf. interval]
-------------+----------------------------------------------------------------
        l_ln |   .8059973   .0310819    25.93   0.000     .7446789    .8673156
       l_ln2 |  -.0657687    .044352    -1.48   0.140    -.1532664    .0217289
       l_ln3 |  -.2755267   .1006604    -2.74   0.007    -.4741096   -.0769438
       l_pop |   .6314959   .1031531     6.12   0.000     .4279955    .8349963
       _cons |    4.40065   .5934004     7.42   0.000      3.22999    5.571311
------------------------------------------------------------------------------
revision/tableA11_c.tex
revision/tableA11_c.xls
dir : seeout
note: div9 omitted because of collinearity.

Linear regression                               Number of obs     =        191
                                                F(17, 173)        =     160.08
                                                Prob > F          =     0.0000
                                                R-squared         =     0.9264
                                                Root MSE          =     .30636

----------------------------------------------------------------------------------
                 |               Robust
           l_vmt | Coefficient  std. err.      t    P>|t|     [95% conf. interval]
-----------------+----------------------------------------------------------------
            l_ln |   .8282924    .027455    30.17   0.000     .7741025    .8824823
           l_ln2 |   -.051727   .0416828    -1.24   0.216    -.1339993    .0305453
           l_ln3 |  -.1515361    .105094    -1.44   0.151    -.3589676    .0558955
           l_pop |   .4759669   .1005842     4.73   0.000     .2774366    .6744972
elevat_range_msa |  -.0465121    .058629    -0.79   0.429    -.1622323    .0692081
  ruggedness_msa |   .7355983   3.098393     0.24   0.813     -5.37992    6.851117
      heating_dd |  -.0136669   .0043063    -3.17   0.002    -.0221665   -.0051672
      cooling_dd |  -.0183152   .0111558    -1.64   0.102    -.0403343    .0037039
          sprawl |   .0073943   .0036415     2.03   0.044     .0002069    .0145817
            div1 |   .0575775   .1995685     0.29   0.773    -.3363252    .4514801
            div2 |  -.0541582    .170613    -0.32   0.751    -.3909093    .2825929
            div3 |   .1598146   .1748972     0.91   0.362    -.1853926    .5050218
            div4 |   .1137468   .1961497     0.58   0.563    -.2734079    .5009015
            div5 |   .0534168   .1524155     0.35   0.726    -.2474165    .3542501
            div6 |  -.0152433   .1645875    -0.09   0.926    -.3401013    .3096147
            div7 |  -.0999452   .1714755    -0.58   0.561    -.4383986    .2385082
            div8 |  -.1731146   .1203295    -1.44   0.152    -.4106175    .0643883
            div9 |          0  (omitted)
           _cons |   5.774844   .6958548     8.30   0.000     4.401386    7.148303
----------------------------------------------------------------------------------
revision/tableA11_c.tex
revision/tableA11_c.xls
dir : seeout
note: div9 omitted because of collinearity.

Linear regression                               Number of obs     =        191
                                                F(30, 160)        =     102.15
                                                Prob > F          =     0.0000
                                                R-squared         =     0.9408
                                                Root MSE          =     .28554

----------------------------------------------------------------------------------
                 |               Robust
           l_vmt | Coefficient  std. err.      t    P>|t|     [95% conf. interval]
-----------------+----------------------------------------------------------------
            l_ln |    .830096    .026656    31.14   0.000      .777453     .882739
           l_ln2 |  -.0390345   .0423238    -0.92   0.358    -.1226198    .0445508
           l_ln3 |  -.0526979   .1037016    -0.51   0.612    -.2574983    .1521024
           l_pop |  -.1148659   .4786468    -0.24   0.811    -1.060146    .8304145
elevat_range_msa |  -.0611051   .0550549    -1.11   0.269    -.1698332     .047623
  ruggedness_msa |   .1282728   3.047018     0.04   0.966    -5.889287    6.145833
      heating_dd |  -.0153173   .0040847    -3.75   0.000    -.0233841   -.0072505
      cooling_dd |  -.0180943   .0101508    -1.78   0.077    -.0381412    .0019525
          sprawl |   .0065198   .0034997     1.86   0.064    -.0003919    .0134314
   S_somecollege |   .6104499   .4424608     1.38   0.170    -.2633666    1.484266
   l_mean_income |  -.2587165   .3735685    -0.69   0.490    -.9964775    .4790445
  seg1980_ghetto |   .0498235    .057032     0.87   0.384     -.062809     .162456
          S_poor |  -1.520787   1.058389    -1.44   0.153    -3.611002    .5694274
         S_manuf |   .4006806   .4761695     0.84   0.401    -.5397073    1.341068
         l_pop90 |   .9101033   .7951127     1.14   0.254    -.6601659    2.480373
         l_pop80 |  -.2478708    .700455    -0.35   0.724      -1.6312    1.135459
         l_pop70 |   .4378874   .6357907     0.69   0.492    -.8177365    1.693511
         l_pop60 |  -.8979032   .5305423    -1.69   0.093    -1.945672    .1498655
         l_pop50 |   .0493856   .3745215     0.13   0.895    -.6902575    .7890286
         l_pop40 |  -.0801594   .2955299    -0.27   0.787    -.6638018    .5034831
         l_pop30 |   .0894768   .2810094     0.32   0.751    -.4654891    .6444427
         l_pop20 |   .1907409   .1490173     1.28   0.202    -.1035537    .4850354
            div1 |  -.1152352   .2212718    -0.52   0.603    -.5522251    .3217548
            div2 |  -.1447061   .1978649    -0.73   0.466    -.5354699    .2460577
            div3 |   .0263941   .2015156     0.13   0.896    -.3715793    .4243675
            div4 |  -.0727685   .1968808    -0.37   0.712    -.4615887    .3160517
            div5 |  -.1017338   .1590329    -0.64   0.523    -.4158081    .2123405
            div6 |  -.1524684   .1740442    -0.88   0.382    -.4961886    .1912517
            div7 |   -.144058   .1634728    -0.88   0.380    -.4669007    .1787846
            div8 |  -.2491852    .123569    -2.02   0.045    -.4932218   -.0051486
            div9 |          0  (omitted)
           _cons |   9.360357   3.564813     2.63   0.009     2.320203    16.40051
----------------------------------------------------------------------------------
revision/tableA11_c.tex
revision/tableA11_c.xls
dir : seeout
(3 missing values generated)

Linear regression                               Number of obs     =        189
                                                F(3, 185)         =    2277.30
                                                Prob > F          =     0.0000
                                                R-squared         =     0.9697
                                                Root MSE          =     .21937

------------------------------------------------------------------------------
             |               Robust
       l_vmt | Coefficient  std. err.      t    P>|t|     [95% conf. interval]
-------------+----------------------------------------------------------------
        l_ln |   1.026537   .0350452    29.29   0.000     .9573972    1.095677
       l_ln2 |   .0317682   .0269714     1.18   0.240     -.021443    .0849793
       l_ln3 |   .0684004   .0206507     3.31   0.001     .0276593    .1091415
       _cons |    7.22435   .1601274    45.12   0.000      6.90844    7.540261
------------------------------------------------------------------------------
revision/tableA11_b.tex
revision/tableA11_b.xls
dir : seeout

Linear regression                               Number of obs     =        189
                                                F(4, 184)         =    2595.11
                                                Prob > F          =     0.0000
                                                R-squared         =     0.9772
                                                Root MSE          =     .19097

------------------------------------------------------------------------------
             |               Robust
       l_vmt | Coefficient  std. err.      t    P>|t|     [95% conf. interval]
-------------+----------------------------------------------------------------
        l_ln |   .8745157   .0384157    22.76   0.000     .7987238    .9503076
       l_ln2 |  -.0334445   .0247709    -1.35   0.179    -.0823161     .015427
       l_ln3 |   .0244375   .0204049     1.20   0.233    -.0158201    .0646952
       l_pop |   .2643716   .0400121     6.61   0.000     .1854302     .343313
       _cons |   5.611263   .2573687    21.80   0.000      5.10349    6.119036
------------------------------------------------------------------------------
revision/tableA11_b.tex
revision/tableA11_b.xls
dir : seeout
note: div9 omitted because of collinearity.

Linear regression                               Number of obs     =        189
                                                F(17, 171)        =     796.94
                                                Prob > F          =     0.0000
                                                R-squared         =     0.9822
                                                Root MSE          =     .17497

----------------------------------------------------------------------------------
                 |               Robust
           l_vmt | Coefficient  std. err.      t    P>|t|     [95% conf. interval]
-----------------+----------------------------------------------------------------
            l_ln |   .8695615     .03712    23.43   0.000      .796289    .9428339
           l_ln2 |  -.0447158   .0250836    -1.78   0.076    -.0942291    .0047974
           l_ln3 |   .0213172    .019689     1.08   0.280    -.0175477     .060182
           l_pop |   .2737957   .0409191     6.69   0.000     .1930242    .3545672
elevat_range_msa |  -.0044789   .0373715    -0.12   0.905    -.0782477    .0692899
  ruggedness_msa |   3.465824   2.408978     1.44   0.152    -1.289338    8.220987
      heating_dd |  -.0019167   .0024999    -0.77   0.444    -.0068513    .0030179
      cooling_dd |   .0041935   .0063253     0.66   0.508    -.0082923    .0166793
          sprawl |  -.0017543   .0018281    -0.96   0.339    -.0053628    .0018543
            div1 |    .129217   .1194011     1.08   0.281    -.1064728    .3649068
            div2 |    .141399   .0915821     1.54   0.124    -.0393781    .3221761
            div3 |   .0059176   .0997408     0.06   0.953    -.1909641    .2027993
            div4 |   .1099144   .1158355     0.95   0.344    -.1187371     .338566
            div5 |   .1100998   .0953452     1.15   0.250    -.0781053    .2983048
            div6 |    .081242   .1045655     0.78   0.438    -.1251634    .2876474
            div7 |  -.0882389   .0950394    -0.93   0.354    -.2758404    .0993625
            div8 |   .0648612   .0772152     0.84   0.402    -.0875566     .217279
            div9 |          0  (omitted)
           _cons |   5.645975    .387047    14.59   0.000     4.881969     6.40998
----------------------------------------------------------------------------------
revision/tableA11_b.tex
revision/tableA11_b.xls
dir : seeout
note: div9 omitted because of collinearity.

Linear regression                               Number of obs     =        189
                                                F(28, 160)        =     621.81
                                                Prob > F          =     0.0000
                                                R-squared         =     0.9853
                                                Root MSE          =     .16462

----------------------------------------------------------------------------------
                 |               Robust
           l_vmt | Coefficient  std. err.      t    P>|t|     [95% conf. interval]
-----------------+----------------------------------------------------------------
            l_ln |   .8449439   .0343408    24.60   0.000     .7771241    .9127637
           l_ln2 |   -.036275   .0269226    -1.35   0.180    -.0894445    .0168944
           l_ln3 |   .0103061   .0184528     0.56   0.577    -.0261365    .0467486
           l_pop |   .4225432    .179956     2.35   0.020     .0671478    .7779386
elevat_range_msa |  -.0161583   .0350574    -0.46   0.645    -.0853933    .0530767
  ruggedness_msa |   2.933968   2.197397     1.34   0.184    -1.405674    7.273611
      heating_dd |  -.0040437    .002221    -1.82   0.071    -.0084301    .0003426
      cooling_dd |  -.0028159   .0060334    -0.47   0.641    -.0147312    .0090993
          sprawl |  -.0014651   .0018854    -0.78   0.438    -.0051886    .0022584
   S_somecollege |   .6394811   .2993124     2.14   0.034     .0483685    1.230594
   l_mean_income |  -.1262765   .2264333    -0.56   0.578    -.5734601     .320907
  seg1980_ghetto |   .0145561   .0364541     0.40   0.690    -.0574371    .0865493
          S_poor |  -.4006116   .3642885    -1.10   0.273    -1.120045    .3188223
         S_manuf |  -.1958062    .160828    -1.22   0.225    -.5134256    .1218132
         l_pop70 |   .2078614   .2952585     0.70   0.482    -.3752451    .7909678
         l_pop60 |  -.4421939   .2617698    -1.69   0.093    -.9591635    .0747757
         l_pop50 |   .0675135   .1926626     0.35   0.726    -.3129761    .4480032
         l_pop40 |    .193422   .2114219     0.91   0.362    -.2241154    .6109595
         l_pop30 |  -.1787668    .154876    -1.15   0.250    -.4846316    .1270981
         l_pop20 |   .0023348    .051862     0.05   0.964    -.1000876    .1047572
            div1 |   .2413659   .1141063     2.12   0.036     .0160173    .4667146
            div2 |   .3153141   .1037291     3.04   0.003     .1104594    .5201688
            div3 |   .1348766   .1080055     1.25   0.214    -.0784237    .3481768
            div4 |   .1975225   .1112426     1.78   0.078    -.0221707    .4172157
            div5 |   .1816364    .094692     1.92   0.057    -.0053709    .3686437
            div6 |   .2082015   .1121564     1.86   0.065    -.0132964    .4296993
            div7 |   .0217363   .0980924     0.22   0.825    -.1719866    .2154592
            div8 |   .0511587   .0731742     0.70   0.485    -.0933531    .1956705
            div9 |          0  (omitted)
           _cons |   7.092859   2.216521     3.20   0.002     2.715448    11.47027
----------------------------------------------------------------------------------
revision/tableA11_b.tex
revision/tableA11_b.xls
dir : seeout

Linear regression                               Number of obs     =        192
                                                F(3, 188)         =    2268.81
                                                Prob > F          =     0.0000
                                                R-squared         =     0.9689
                                                Root MSE          =     .22715

------------------------------------------------------------------------------
             |               Robust
       l_vmt | Coefficient  std. err.      t    P>|t|     [95% conf. interval]
-------------+----------------------------------------------------------------
        l_ln |   1.098789   .0303505    36.20   0.000     1.038918    1.158661
       l_ln2 |   .0188515   .0260381     0.72   0.470    -.0325128    .0702159
       l_ln3 |   .0229655   .0242716     0.95   0.345    -.0249143    .0708452
       _cons |   7.140344   .1483276    48.14   0.000     6.847744    7.432945
------------------------------------------------------------------------------
revision/tableA11_b.tex
revision/tableA11_b.xls
dir : seeout

Linear regression                               Number of obs     =        192
                                                F(4, 187)         =    2916.88
                                                Prob > F          =     0.0000
                                                R-squared         =     0.9821
                                                Root MSE          =     .17251

------------------------------------------------------------------------------
             |               Robust
       l_vmt | Coefficient  std. err.      t    P>|t|     [95% conf. interval]
-------------+----------------------------------------------------------------
        l_ln |   .7369733   .0412674    17.86   0.000     .6555638    .8183829
       l_ln2 |  -.0469412   .0238842    -1.97   0.051    -.0940582    .0001759
       l_ln3 |  -.0162096   .0195486    -0.83   0.408    -.0547738    .0223546
       l_pop |   .4562953   .0448445    10.18   0.000     .3678291    .5447614
       _cons |   4.719839   .2712353    17.40   0.000     4.184765    5.254914
------------------------------------------------------------------------------
revision/tableA11_b.tex
revision/tableA11_b.xls
dir : seeout
note: div9 omitted because of collinearity.

Linear regression                               Number of obs     =        192
                                                F(17, 174)        =    1085.48
                                                Prob > F          =     0.0000
                                                R-squared         =     0.9887
                                                Root MSE          =      .1425

----------------------------------------------------------------------------------
                 |               Robust
           l_vmt | Coefficient  std. err.      t    P>|t|     [95% conf. interval]
-----------------+----------------------------------------------------------------
            l_ln |   .7980844   .0378538    21.08   0.000     .7233726    .8727962
           l_ln2 |  -.0510787     .01916    -2.67   0.008    -.0888946   -.0132628
           l_ln3 |  -.0104556   .0162325    -0.64   0.520    -.0424935    .0215824
           l_pop |   .3849589   .0434593     8.86   0.000     .2991837    .4707341
elevat_range_msa |   .0025755   .0297302     0.09   0.931    -.0561028    .0612537
  ruggedness_msa |    4.53465   1.614905     2.81   0.006     1.347326    7.721974
      heating_dd |  -.0056563   .0018625    -3.04   0.003    -.0093324   -.0019803
      cooling_dd |  -.0009464   .0039833    -0.24   0.812    -.0088082    .0069154
          sprawl |  -.0013955   .0013565    -1.03   0.305    -.0040729    .0012818
            div1 |   .2590735   .1009473     2.57   0.011     .0598348    .4583123
            div2 |   .1439702   .0890447     1.62   0.108    -.0317766     .319717
            div3 |   .2198597   .0944633     2.33   0.021     .0334182    .4063012
            div4 |   .2344238   .1042749     2.25   0.026     .0286172    .4402303
            div5 |   .1118936   .0853618     1.31   0.192    -.0565842    .2803714
            div6 |   .0983962   .0825599     1.19   0.235    -.0645516     .261344
            div7 |  -.1697168   .0874783    -1.94   0.054     -.342372    .0029385
            div8 |   .1147161   .0594506     1.93   0.055     -.002621    .2320533
            div9 |          0  (omitted)
           _cons |   5.338663   .3465917    15.40   0.000     4.654598    6.022728
----------------------------------------------------------------------------------
revision/tableA11_b.tex
revision/tableA11_b.xls
dir : seeout
note: div9 omitted because of collinearity.

Linear regression                               Number of obs     =        192
                                                F(29, 162)        =     827.26
                                                Prob > F          =     0.0000
                                                R-squared         =     0.9907
                                                Root MSE          =     .13382

----------------------------------------------------------------------------------
                 |               Robust
           l_vmt | Coefficient  std. err.      t    P>|t|     [95% conf. interval]
-----------------+----------------------------------------------------------------
            l_ln |    .808396   .0361113    22.39   0.000     .7370864    .8797056
           l_ln2 |  -.0602745   .0186904    -3.22   0.002    -.0971827   -.0233663
           l_ln3 |  -.0186137   .0164307    -1.13   0.259    -.0510596    .0138323
           l_pop |   .5883112    .150573     3.91   0.000     .2909723    .8856501
elevat_range_msa |  -.0026934    .026164    -0.10   0.918      -.05436    .0489731
  ruggedness_msa |   5.614917   1.669116     3.36   0.001     2.318888    8.910946
      heating_dd |  -.0069052   .0020228    -3.41   0.001    -.0108997   -.0029106
      cooling_dd |  -.0046644   .0049762    -0.94   0.350     -.014491    .0051621
          sprawl |  -.0011268   .0014077    -0.80   0.425    -.0039066     .001653
   S_somecollege |   .5458593   .2325607     2.35   0.020     .0866181    1.005101
   l_mean_income |   -.210167   .1665706    -1.26   0.209    -.5390966    .1187625
  seg1980_ghetto |   .0291181    .026286     1.11   0.270    -.0227893    .0810255
          S_poor |  -.4514947   .3702072    -1.22   0.224    -1.182549    .2795593
         S_manuf |  -.2379403   .1723442    -1.38   0.169    -.5782711    .1023905
         l_pop80 |  -.1986465   .2740037    -0.72   0.470    -.7397259     .342433
         l_pop70 |  -.0004786     .26493    -0.00   0.999    -.5236401     .522683
         l_pop60 |   .0130618    .209274     0.06   0.950    -.4001949    .4263186
         l_pop50 |    .106758   .1576948     0.68   0.499    -.2046444    .4181603
         l_pop40 |   -.244997   .1446516    -1.69   0.092    -.5306427    .0406487
         l_pop30 |  -.0165664   .1077995    -0.15   0.878    -.2294397    .1963069
         l_pop20 |   .1258064   .0394677     3.19   0.002     .0478689    .2037438
            div1 |   .3348002   .1072292     3.12   0.002     .1230529    .5465475
            div2 |   .2804773    .100095     2.80   0.006     .0828181    .4781365
            div3 |   .3550172   .1046334     3.39   0.001      .148396    .5616384
            div4 |    .312148   .1089069     2.87   0.005     .0970878    .5272083
            div5 |   .1941797   .0926391     2.10   0.038     .0112439    .3771155
            div6 |   .2129322   .0907173     2.35   0.020     .0337913     .392073
            div7 |  -.0479296   .0894656    -0.54   0.593    -.2245989    .1287396
            div8 |   .1271891   .0610724     2.08   0.039     .0065886    .2477897
            div9 |          0  (omitted)
           _cons |   7.458472   1.638275     4.55   0.000     4.223344     10.6936
----------------------------------------------------------------------------------
revision/tableA11_b.tex
revision/tableA11_b.xls
dir : seeout
(1 missing value generated)

Linear regression                               Number of obs     =        191
                                                F(3, 187)         =    2982.59
                                                Prob > F          =     0.0000
                                                R-squared         =     0.9725
                                                Root MSE          =     .21847

------------------------------------------------------------------------------
             |               Robust
       l_vmt | Coefficient  std. err.      t    P>|t|     [95% conf. interval]
-------------+----------------------------------------------------------------
        l_ln |   1.154602   .0287672    40.14   0.000     1.097852    1.211352
       l_ln2 |  -.0265543   .0249438    -1.06   0.288    -.0757616    .0226531
       l_ln3 |   .0360296   .0242655     1.48   0.139    -.0118398    .0838989
       _cons |    6.91855   .1399607    49.43   0.000     6.642445    7.194655
------------------------------------------------------------------------------
revision/tableA11_b.tex
revision/tableA11_b.xls
dir : seeout

Linear regression                               Number of obs     =        191
                                                F(4, 186)         =    3282.94
                                                Prob > F          =     0.0000
                                                R-squared         =     0.9853
                                                Root MSE          =     .16014

------------------------------------------------------------------------------
             |               Robust
       l_vmt | Coefficient  std. err.      t    P>|t|     [95% conf. interval]
-------------+----------------------------------------------------------------
        l_ln |    .684893   .0430684    15.90   0.000     .5999278    .7698583
       l_ln2 |  -.0533467   .0180672    -2.95   0.004    -.0889896   -.0177038
       l_ln3 |   -.019538   .0187484    -1.04   0.299    -.0565248    .0174487
       l_pop |   .5194356   .0430526    12.07   0.000     .4345014    .6043698
       _cons |   4.454537   .2265716    19.66   0.000     4.007557    4.901518
------------------------------------------------------------------------------
revision/tableA11_b.tex
revision/tableA11_b.xls
dir : seeout
note: div9 omitted because of collinearity.

Linear regression                               Number of obs     =        191
                                                F(17, 173)        =    1222.34
                                                Prob > F          =     0.0000
                                                R-squared         =     0.9893
                                                Root MSE          =     .14186

----------------------------------------------------------------------------------
                 |               Robust
           l_vmt | Coefficient  std. err.      t    P>|t|     [95% conf. interval]
-----------------+----------------------------------------------------------------
            l_ln |   .6818931   .0433832    15.72   0.000     .5962646    .7675216
           l_ln2 |  -.0428575   .0182077    -2.35   0.020    -.0787954   -.0069196
           l_ln3 |  -.0159062   .0160713    -0.99   0.324    -.0476273    .0158149
           l_pop |   .4938567   .0433142    11.40   0.000     .4083643     .579349
elevat_range_msa |   .0009777    .029925     0.03   0.974    -.0580875    .0600428
  ruggedness_msa |   1.311311   1.657774     0.79   0.430    -1.960756    4.583377
      heating_dd |  -.0026594   .0018753    -1.42   0.158    -.0063607     .001042
      cooling_dd |   .0035988   .0039057     0.92   0.358    -.0041101    .0113077
          sprawl |  -.0014007   .0013757    -1.02   0.310    -.0041161    .0013147
            div1 |   .1565716   .1023301     1.53   0.128    -.0454046    .3585478
            div2 |   .1151925   .0852224     1.35   0.178     -.053017     .283402
            div3 |   .0938946   .0907185     1.04   0.302     -.085163    .2729522
            div4 |   .1063799   .0990077     1.07   0.284    -.0890387    .3017985
            div5 |    .114836   .0841561     1.36   0.174    -.0512689    .2809408
            div6 |    .076284   .0831941     0.92   0.360    -.0879221    .2404901
            div7 |  -.0954896   .0860304    -1.11   0.269    -.2652939    .0743147
            div8 |   .1347324   .0613617     2.20   0.029     .0136185    .2558463
            div9 |          0  (omitted)
           _cons |   4.789491   .3095148    15.47   0.000      4.17858    5.400403
----------------------------------------------------------------------------------
revision/tableA11_b.tex
revision/tableA11_b.xls
dir : seeout
note: div9 omitted because of collinearity.

Linear regression                               Number of obs     =        191
                                                F(30, 160)        =     884.49
                                                Prob > F          =     0.0000
                                                R-squared         =     0.9914
                                                Root MSE          =     .13236

----------------------------------------------------------------------------------
                 |               Robust
           l_vmt | Coefficient  std. err.      t    P>|t|     [95% conf. interval]
-----------------+----------------------------------------------------------------
            l_ln |   .7291475   .0440533    16.55   0.000     .6421466    .8161484
           l_ln2 |  -.0541918   .0173182    -3.13   0.002    -.0883936   -.0199901
           l_ln3 |  -.0125733   .0148518    -0.85   0.398    -.0419042    .0167576
           l_pop |   .5875981   .2654086     2.21   0.028     .0634422    1.111754
elevat_range_msa |  -.0031435   .0268633    -0.12   0.907    -.0561958    .0499088
  ruggedness_msa |   1.948503   1.740736     1.12   0.265    -1.489279    5.386285
      heating_dd |  -.0040736   .0018331    -2.22   0.028    -.0076938   -.0004533
      cooling_dd |   .0000801   .0044718     0.02   0.986    -.0087512    .0089114
          sprawl |  -.0012823   .0013668    -0.94   0.350    -.0039816     .001417
   S_somecollege |   .6342844   .1820215     3.48   0.001     .2748098    .9937589
   l_mean_income |  -.1471053   .1517547    -0.97   0.334    -.4468058    .1525952
  seg1980_ghetto |    .023984     .02481     0.97   0.335    -.0250134    .0729813
          S_poor |   .0113596   .4837242     0.02   0.981    -.9439481    .9666672
         S_manuf |  -.0175581   .2291394    -0.08   0.939    -.4700859    .4349697
         l_pop90 |  -.1445234   .3978877    -0.36   0.717    -.9303124    .6412656
         l_pop80 |   .1290412   .2727546     0.47   0.637    -.4096223    .6677046
         l_pop70 |  -.0309604   .2383517    -0.13   0.897    -.5016814    .4397607
         l_pop60 |  -.0825326   .2156411    -0.38   0.702    -.5084026    .3433373
         l_pop50 |   .1124789   .1636653     0.69   0.493    -.2107439    .4357017
         l_pop40 |  -.2274847   .1515596    -1.50   0.135       -.5268    .0718306
         l_pop30 |   -.000917   .1203105    -0.01   0.994    -.2385183    .2366843
         l_pop20 |   .1024364   .0534936     1.91   0.057    -.0032082    .2080811
            div1 |   .2477954    .099545     2.49   0.014     .0512038     .444387
            div2 |   .2735152    .086841     3.15   0.002     .1020127    .4450176
            div3 |   .2144108   .0920959     2.33   0.021     .0325305    .3962912
            div4 |   .1736256   .0986467     1.76   0.080    -.0211919    .3684431
            div5 |   .1707144   .0847546     2.01   0.046     .0033324    .3380963
            div6 |   .1471264   .0819935     1.79   0.075    -.0148026    .3090555
            div7 |   .0014113   .0847865     0.02   0.987    -.1660337    .1688563
            div8 |   .1205319   .0586712     2.05   0.042      .004662    .2364018
            div9 |          0  (omitted)
           _cons |   6.184684    1.48557     4.16   0.000      3.25083    9.118537
----------------------------------------------------------------------------------
revision/tableA11_b.tex
revision/tableA11_b.xls
dir : seeout
. 
.         log close
      name:  <unnamed>
       log:  C:\Users\USUARIO\OneDrive - Universidad de los Andes\Uniandes\Urban Economics\Proyecto\Revised-reproduction-package-for-Duranton-G.-Turn
> er-M.-A.-2011-\Deliverable_1\Data_original\revision/tableA11.log
  log type:  text
 closed on:  29 May 2022, 23:26:54
-----------------------------------------------------------------------------------------------------------------------------------------------------
